#
# A fatal error has been detected by the Java Runtime Environment:
#
#  SIGBUS (0xa) at pc=0x0000000110bae7ce, pid=8060, tid=51459
#
# JRE version: OpenJDK Runtime Environment Zulu11.48+21-CA (11.0.11+9) (build 11.0.11+9-LTS)
# Java VM: OpenJDK 64-Bit Server VM Zulu11.48+21-CA (11.0.11+9-LTS, mixed mode, tiered, compressed oops, parallel gc, bsd-amd64)
# Problematic frame:
# V  [libjvm.dylib+0x3ae7ce]  InterpreterRuntime::throw_ArrayIndexOutOfBoundsException(JavaThread*, arrayOopDesc*, int)+0x86
#
# No core dump will be written. Core dumps have been disabled. To enable core dumping, try "ulimit -c unlimited" before starting Java again
#
# If you would like to submit a bug report, please visit:
#   http://www.azulsystems.com/support/
#

---------------  S U M M A R Y ------------

Command Line: --add-modules=ALL-SYSTEM --add-opens=java.base/java.util=ALL-UNNAMED --add-opens=java.base/java.lang=ALL-UNNAMED -Declipse.application=org.eclipse.jdt.ls.core.id1 -Dosgi.bundles.defaultStartLevel=4 -Declipse.product=org.eclipse.jdt.ls.core.product -Dfile.encoding=utf8 -XX:+UseParallelGC -XX:GCTimeRatio=4 -XX:AdaptiveSizePolicyWeight=90 -Dsun.zip.disableMemoryMapping=true -Xmx1G -Xms100m -Xverify:none /Users/alaranda/.vscode/extensions/redhat.java-0.79.2/server/plugins/org.eclipse.equinox.launcher_1.6.100.v20201223-0822.jar -configuration /Users/alaranda/Library/Application Support/Code/User/globalStorage/redhat.java/0.79.2/config_ss_mac -data /Users/alaranda/Library/Application Support/Code/User/workspaceStorage/625ad762e1ac02135254da73ecf27e14/redhat.java/ss_ws

Host: MacBookPro17,1 x86_64 2400 MHz, 8 cores, 8G, Darwin 20.3.0
Time: Wed May 26 10:21:31 2021 -04 elapsed time: 4.988128 seconds (0d 0h 0m 4s)

---------------  T H R E A D  ---------------

Current thread (0x00007fe2b8b9d000):  JavaThread "pool-1-thread-1" [_thread_in_vm, id=51459, stack(0x000000030e70b000,0x000000030e80b000)]

Stack: [0x000000030e70b000,0x000000030e80b000],  sp=0x000000030e8090c0,  free space=1016k
Native frames: (J=compiled Java code, A=aot compiled Java code, j=interpreted, Vv=VM code, C=native code)
V  [libjvm.dylib+0x3ae7ce]  InterpreterRuntime::throw_ArrayIndexOutOfBoundsException(JavaThread*, arrayOopDesc*, int)+0x86
j  org.eclipse.jdt.internal.compiler.parser.Scanner.getNextToken0()I+93
j  org.eclipse.jdt.internal.compiler.parser.Scanner.getNextToken()I+47
j  org.eclipse.jdt.internal.compiler.parser.Parser.parse()V+332
j  org.eclipse.jdt.internal.compiler.parser.Parser.parse(Lorg/eclipse/jdt/internal/compiler/env/ICompilationUnit;Lorg/eclipse/jdt/internal/compiler/CompilationResult;II)Lorg/eclipse/jdt/internal/compiler/ast/CompilationUnitDeclaration;+178
j  org.eclipse.jdt.internal.compiler.parser.Parser.parse(Lorg/eclipse/jdt/internal/compiler/env/ICompilationUnit;Lorg/eclipse/jdt/internal/compiler/CompilationResult;)Lorg/eclipse/jdt/internal/compiler/ast/CompilationUnitDeclaration;+5
j  org.eclipse.jdt.internal.compiler.parser.Parser.dietParse(Lorg/eclipse/jdt/internal/compiler/env/ICompilationUnit;Lorg/eclipse/jdt/internal/compiler/CompilationResult;)Lorg/eclipse/jdt/internal/compiler/ast/CompilationUnitDeclaration;+25
j  org.eclipse.jdt.core.dom.CompilationUnitResolver.parse(Lorg/eclipse/jdt/internal/compiler/env/ICompilationUnit;Lorg/eclipse/jdt/core/dom/NodeSearcher;Ljava/util/Map;I)Lorg/eclipse/jdt/internal/compiler/ast/CompilationUnitDeclaration;+117
j  org.eclipse.jdt.core.dom.ASTParser.internalCreateAST(Lorg/eclipse/core/runtime/IProgressMonitor;)Lorg/eclipse/jdt/core/dom/ASTNode;+914
j  org.eclipse.jdt.core.dom.ASTParser.createAST(Lorg/eclipse/core/runtime/IProgressMonitor;)Lorg/eclipse/jdt/core/dom/ASTNode;+38
j  org.eclipse.jdt.ls.core.internal.JDTUtils.getPackageName(Lorg/eclipse/jdt/core/IJavaProject;Ljava/lang/String;)Ljava/lang/String;+36
j  org.eclipse.jdt.ls.core.internal.JDTUtils.getPackageName(Lorg/eclipse/jdt/core/IJavaProject;Ljava/net/URI;)Ljava/lang/String;+194
j  org.eclipse.jdt.ls.core.internal.managers.InvisibleProjectImporter.getPackageName(Lorg/eclipse/core/runtime/IPath;Lorg/eclipse/core/runtime/IPath;Lorg/eclipse/jdt/core/IJavaProject;[[Ljava/lang/String;)Ljava/lang/String;+60
j  org.eclipse.jdt.ls.core.internal.managers.InvisibleProjectImporter.getPackageName(Lorg/eclipse/core/runtime/IPath;Lorg/eclipse/core/runtime/IPath;[[Ljava/lang/String;)Ljava/lang/String;+32
j  org.eclipse.jdt.ls.core.internal.managers.InvisibleProjectImporter.tryResolveSourceDirectory(Lorg/eclipse/core/runtime/IPath;Lorg/eclipse/core/runtime/IPath;[[Ljava/lang/String;)Lorg/eclipse/core/runtime/IPath;+3
j  org.eclipse.jdt.ls.core.internal.syntaxserver.SyntaxDocumentLifeCycleHandler.tryUpdateClasspath(Lorg/eclipse/core/runtime/IPath;Lorg/eclipse/core/runtime/IPath;)Z+51
j  org.eclipse.jdt.ls.core.internal.syntaxserver.SyntaxDocumentLifeCycleHandler.resolveCompilationUnit(Ljava/lang/String;)Lorg/eclipse/jdt/core/ICompilationUnit;+82
j  org.eclipse.jdt.ls.core.internal.handlers.BaseDocumentLifeCycleHandler.handleOpen(Lorg/eclipse/lsp4j/DidOpenTextDocumentParams;)Lorg/eclipse/jdt/core/ICompilationUnit;+10
j  org.eclipse.jdt.ls.core.internal.handlers.BaseDocumentLifeCycleHandler$5.run(Lorg/eclipse/core/runtime/IProgressMonitor;)V+8
j  org.eclipse.core.internal.resources.Workspace.run(Lorg/eclipse/core/runtime/ICoreRunnable;Lorg/eclipse/core/runtime/jobs/ISchedulingRule;ILorg/eclipse/core/runtime/IProgressMonitor;)V+69
j  org.eclipse.core.internal.resources.Workspace.run(Lorg/eclipse/core/resources/IWorkspaceRunnable;Lorg/eclipse/core/runtime/jobs/ISchedulingRule;ILorg/eclipse/core/runtime/IProgressMonitor;)V+6
j  org.eclipse.jdt.ls.core.internal.handlers.BaseDocumentLifeCycleHandler.didOpen(Lorg/eclipse/lsp4j/DidOpenTextDocumentParams;)V+32
j  org.eclipse.jdt.ls.core.internal.syntaxserver.SyntaxLanguageServer.didOpen(Lorg/eclipse/lsp4j/DidOpenTextDocumentParams;)V+11
v  ~StubRoutines::call_stub
V  [libjvm.dylib+0x3b56d2]  JavaCalls::call_helper(JavaValue*, methodHandle const&, JavaCallArguments*, Thread*)+0x21a
V  [libjvm.dylib+0x687fea]  invoke(InstanceKlass*, methodHandle const&, Handle, bool, objArrayHandle, BasicType, objArrayHandle, bool, Thread*)+0x53f
V  [libjvm.dylib+0x687a61]  Reflection::invoke_method(oopDesc*, Handle, objArrayHandle, Thread*)+0xf5
V  [libjvm.dylib+0x43fbf1]  JVM_InvokeMethod+0x21f
j  jdk.internal.reflect.NativeMethodAccessorImpl.invoke0(Ljava/lang/reflect/Method;Ljava/lang/Object;[Ljava/lang/Object;)Ljava/lang/Object;+0 java.base@11.0.11
j  jdk.internal.reflect.NativeMethodAccessorImpl.invoke(Ljava/lang/Object;[Ljava/lang/Object;)Ljava/lang/Object;+100 java.base@11.0.11
J 969 c1 jdk.internal.reflect.DelegatingMethodAccessorImpl.invoke(Ljava/lang/Object;[Ljava/lang/Object;)Ljava/lang/Object; java.base@11.0.11 (10 bytes) @ 0x000000011bb958cc [0x000000011bb957c0+0x000000000000010c]
J 964 c1 java.lang.reflect.Method.invoke(Ljava/lang/Object;[Ljava/lang/Object;)Ljava/lang/Object; java.base@11.0.11 (65 bytes) @ 0x000000011bb939e4 [0x000000011bb936a0+0x0000000000000344]
j  org.eclipse.lsp4j.jsonrpc.services.GenericEndpoint.lambda$null$0(Lorg/eclipse/lsp4j/jsonrpc/services/AnnotationUtil$MethodInfo;Ljava/lang/Object;Ljava/lang/Object;)Ljava/util/concurrent/CompletableFuture;+20
j  org.eclipse.lsp4j.jsonrpc.services.GenericEndpoint$$Lambda$132.apply(Ljava/lang/Object;)Ljava/lang/Object;+13
j  org.eclipse.lsp4j.jsonrpc.services.GenericEndpoint.notify(Ljava/lang/String;Ljava/lang/Object;)V+18
j  org.eclipse.lsp4j.jsonrpc.RemoteEndpoint.handleNotification(Lorg/eclipse/lsp4j/jsonrpc/messages/NotificationMessage;)V+20
j  org.eclipse.lsp4j.jsonrpc.RemoteEndpoint.consume(Lorg/eclipse/lsp4j/jsonrpc/messages/Message;)V+14
j  org.eclipse.jdt.ls.core.internal.ParentProcessWatcher.lambda$0(Lorg/eclipse/lsp4j/jsonrpc/MessageConsumer;Lorg/eclipse/lsp4j/jsonrpc/messages/Message;)V+9
j  org.eclipse.jdt.ls.core.internal.ParentProcessWatcher$$Lambda$128.consume(Lorg/eclipse/lsp4j/jsonrpc/messages/Message;)V+9
j  org.eclipse.lsp4j.jsonrpc.json.StreamMessageProducer.handleMessage(Ljava/io/InputStream;Lorg/eclipse/lsp4j/jsonrpc/json/StreamMessageProducer$Headers;)Z+99
j  org.eclipse.lsp4j.jsonrpc.json.StreamMessageProducer.listen(Lorg/eclipse/lsp4j/jsonrpc/MessageConsumer;)V+158
j  org.eclipse.lsp4j.jsonrpc.json.ConcurrentMessageProcessor.run()V+12
j  java.util.concurrent.Executors$RunnableAdapter.call()Ljava/lang/Object;+4 java.base@11.0.11
j  java.util.concurrent.FutureTask.run()V+39 java.base@11.0.11
j  java.util.concurrent.ThreadPoolExecutor.runWorker(Ljava/util/concurrent/ThreadPoolExecutor$Worker;)V+92 java.base@11.0.11
j  java.util.concurrent.ThreadPoolExecutor$Worker.run()V+5 java.base@11.0.11
j  java.lang.Thread.run()V+11 java.base@11.0.11
v  ~StubRoutines::call_stub
V  [libjvm.dylib+0x3b56d2]  JavaCalls::call_helper(JavaValue*, methodHandle const&, JavaCallArguments*, Thread*)+0x21a
V  [libjvm.dylib+0x3b4b1c]  JavaCalls::call_virtual(JavaValue*, Klass*, Symbol*, Symbol*, JavaCallArguments*, Thread*)+0xee
V  [libjvm.dylib+0x3b4bd8]  JavaCalls::call_virtual(JavaValue*, Handle, Klass*, Symbol*, Symbol*, Thread*)+0x62
V  [libjvm.dylib+0x43c0dd]  thread_entry(JavaThread*, Thread*)+0x78
V  [libjvm.dylib+0x77d062]  JavaThread::thread_main_inner()+0x82
V  [libjvm.dylib+0x77cea6]  JavaThread::run()+0x174
V  [libjvm.dylib+0x77ad88]  Thread::call_run()+0x68
V  [libjvm.dylib+0x6280e7]  thread_native_entry(Thread*)+0x139
C  [libsystem_pthread.dylib+0x6950]  _pthread_start+0xe0
C  [libsystem_pthread.dylib+0x247b]  thread_start+0xf

Java frames: (J=compiled Java code, j=interpreted, Vv=VM code)
j  org.eclipse.jdt.internal.compiler.parser.Scanner.getNextToken0()I+93
j  org.eclipse.jdt.internal.compiler.parser.Scanner.getNextToken()I+47
j  org.eclipse.jdt.internal.compiler.parser.Parser.parse()V+332
j  org.eclipse.jdt.internal.compiler.parser.Parser.parse(Lorg/eclipse/jdt/internal/compiler/env/ICompilationUnit;Lorg/eclipse/jdt/internal/compiler/CompilationResult;II)Lorg/eclipse/jdt/internal/compiler/ast/CompilationUnitDeclaration;+178
j  org.eclipse.jdt.internal.compiler.parser.Parser.parse(Lorg/eclipse/jdt/internal/compiler/env/ICompilationUnit;Lorg/eclipse/jdt/internal/compiler/CompilationResult;)Lorg/eclipse/jdt/internal/compiler/ast/CompilationUnitDeclaration;+5
j  org.eclipse.jdt.internal.compiler.parser.Parser.dietParse(Lorg/eclipse/jdt/internal/compiler/env/ICompilationUnit;Lorg/eclipse/jdt/internal/compiler/CompilationResult;)Lorg/eclipse/jdt/internal/compiler/ast/CompilationUnitDeclaration;+25
j  org.eclipse.jdt.core.dom.CompilationUnitResolver.parse(Lorg/eclipse/jdt/internal/compiler/env/ICompilationUnit;Lorg/eclipse/jdt/core/dom/NodeSearcher;Ljava/util/Map;I)Lorg/eclipse/jdt/internal/compiler/ast/CompilationUnitDeclaration;+117
j  org.eclipse.jdt.core.dom.ASTParser.internalCreateAST(Lorg/eclipse/core/runtime/IProgressMonitor;)Lorg/eclipse/jdt/core/dom/ASTNode;+914
j  org.eclipse.jdt.core.dom.ASTParser.createAST(Lorg/eclipse/core/runtime/IProgressMonitor;)Lorg/eclipse/jdt/core/dom/ASTNode;+38
j  org.eclipse.jdt.ls.core.internal.JDTUtils.getPackageName(Lorg/eclipse/jdt/core/IJavaProject;Ljava/lang/String;)Ljava/lang/String;+36
j  org.eclipse.jdt.ls.core.internal.JDTUtils.getPackageName(Lorg/eclipse/jdt/core/IJavaProject;Ljava/net/URI;)Ljava/lang/String;+194
j  org.eclipse.jdt.ls.core.internal.managers.InvisibleProjectImporter.getPackageName(Lorg/eclipse/core/runtime/IPath;Lorg/eclipse/core/runtime/IPath;Lorg/eclipse/jdt/core/IJavaProject;[[Ljava/lang/String;)Ljava/lang/String;+60
j  org.eclipse.jdt.ls.core.internal.managers.InvisibleProjectImporter.getPackageName(Lorg/eclipse/core/runtime/IPath;Lorg/eclipse/core/runtime/IPath;[[Ljava/lang/String;)Ljava/lang/String;+32
j  org.eclipse.jdt.ls.core.internal.managers.InvisibleProjectImporter.tryResolveSourceDirectory(Lorg/eclipse/core/runtime/IPath;Lorg/eclipse/core/runtime/IPath;[[Ljava/lang/String;)Lorg/eclipse/core/runtime/IPath;+3
j  org.eclipse.jdt.ls.core.internal.syntaxserver.SyntaxDocumentLifeCycleHandler.tryUpdateClasspath(Lorg/eclipse/core/runtime/IPath;Lorg/eclipse/core/runtime/IPath;)Z+51
j  org.eclipse.jdt.ls.core.internal.syntaxserver.SyntaxDocumentLifeCycleHandler.resolveCompilationUnit(Ljava/lang/String;)Lorg/eclipse/jdt/core/ICompilationUnit;+82
j  org.eclipse.jdt.ls.core.internal.handlers.BaseDocumentLifeCycleHandler.handleOpen(Lorg/eclipse/lsp4j/DidOpenTextDocumentParams;)Lorg/eclipse/jdt/core/ICompilationUnit;+10
j  org.eclipse.jdt.ls.core.internal.handlers.BaseDocumentLifeCycleHandler$5.run(Lorg/eclipse/core/runtime/IProgressMonitor;)V+8
j  org.eclipse.core.internal.resources.Workspace.run(Lorg/eclipse/core/runtime/ICoreRunnable;Lorg/eclipse/core/runtime/jobs/ISchedulingRule;ILorg/eclipse/core/runtime/IProgressMonitor;)V+69
j  org.eclipse.core.internal.resources.Workspace.run(Lorg/eclipse/core/resources/IWorkspaceRunnable;Lorg/eclipse/core/runtime/jobs/ISchedulingRule;ILorg/eclipse/core/runtime/IProgressMonitor;)V+6
j  org.eclipse.jdt.ls.core.internal.handlers.BaseDocumentLifeCycleHandler.didOpen(Lorg/eclipse/lsp4j/DidOpenTextDocumentParams;)V+32
j  org.eclipse.jdt.ls.core.internal.syntaxserver.SyntaxLanguageServer.didOpen(Lorg/eclipse/lsp4j/DidOpenTextDocumentParams;)V+11
v  ~StubRoutines::call_stub
j  jdk.internal.reflect.NativeMethodAccessorImpl.invoke0(Ljava/lang/reflect/Method;Ljava/lang/Object;[Ljava/lang/Object;)Ljava/lang/Object;+0 java.base@11.0.11
j  jdk.internal.reflect.NativeMethodAccessorImpl.invoke(Ljava/lang/Object;[Ljava/lang/Object;)Ljava/lang/Object;+100 java.base@11.0.11
J 969 c1 jdk.internal.reflect.DelegatingMethodAccessorImpl.invoke(Ljava/lang/Object;[Ljava/lang/Object;)Ljava/lang/Object; java.base@11.0.11 (10 bytes) @ 0x000000011bb958cc [0x000000011bb957c0+0x000000000000010c]
J 964 c1 java.lang.reflect.Method.invoke(Ljava/lang/Object;[Ljava/lang/Object;)Ljava/lang/Object; java.base@11.0.11 (65 bytes) @ 0x000000011bb939e4 [0x000000011bb936a0+0x0000000000000344]
j  org.eclipse.lsp4j.jsonrpc.services.GenericEndpoint.lambda$null$0(Lorg/eclipse/lsp4j/jsonrpc/services/AnnotationUtil$MethodInfo;Ljava/lang/Object;Ljava/lang/Object;)Ljava/util/concurrent/CompletableFuture;+20
j  org.eclipse.lsp4j.jsonrpc.services.GenericEndpoint$$Lambda$132.apply(Ljava/lang/Object;)Ljava/lang/Object;+13
j  org.eclipse.lsp4j.jsonrpc.services.GenericEndpoint.notify(Ljava/lang/String;Ljava/lang/Object;)V+18
j  org.eclipse.lsp4j.jsonrpc.RemoteEndpoint.handleNotification(Lorg/eclipse/lsp4j/jsonrpc/messages/NotificationMessage;)V+20
j  org.eclipse.lsp4j.jsonrpc.RemoteEndpoint.consume(Lorg/eclipse/lsp4j/jsonrpc/messages/Message;)V+14
j  org.eclipse.jdt.ls.core.internal.ParentProcessWatcher.lambda$0(Lorg/eclipse/lsp4j/jsonrpc/MessageConsumer;Lorg/eclipse/lsp4j/jsonrpc/messages/Message;)V+9
j  org.eclipse.jdt.ls.core.internal.ParentProcessWatcher$$Lambda$128.consume(Lorg/eclipse/lsp4j/jsonrpc/messages/Message;)V+9
j  org.eclipse.lsp4j.jsonrpc.json.StreamMessageProducer.handleMessage(Ljava/io/InputStream;Lorg/eclipse/lsp4j/jsonrpc/json/StreamMessageProducer$Headers;)Z+99
j  org.eclipse.lsp4j.jsonrpc.json.StreamMessageProducer.listen(Lorg/eclipse/lsp4j/jsonrpc/MessageConsumer;)V+158
j  org.eclipse.lsp4j.jsonrpc.json.ConcurrentMessageProcessor.run()V+12
j  java.util.concurrent.Executors$RunnableAdapter.call()Ljava/lang/Object;+4 java.base@11.0.11
j  java.util.concurrent.FutureTask.run()V+39 java.base@11.0.11
j  java.util.concurrent.ThreadPoolExecutor.runWorker(Ljava/util/concurrent/ThreadPoolExecutor$Worker;)V+92 java.base@11.0.11
j  java.util.concurrent.ThreadPoolExecutor$Worker.run()V+5 java.base@11.0.11
j  java.lang.Thread.run()V+11 java.base@11.0.11
v  ~StubRoutines::call_stub

siginfo: si_signo: 10 (SIGBUS), si_code: 1 (BUS_ADRALN), si_addr: 0x00000007ecc7b684

Register to memory mapping:

RAX=0x00000001111c9301: UseCompressedClassPointers+0 in /Users/alaranda/.sdkman/candidates/java/11.0.11-zulu/zulu-11.jdk/Contents/Home/lib/server/libjvm.dylib at 0x0000000110800000
RBX=0x00007fe2b8b9d000 is a thread
RCX=0x0 is NULL
RDX=0x00007fe268500000 points into unknown readable memory: 0x00007fe2ba100000 | 00 00 10 ba e2 7f 00 00
RSP=0x000000030e8090c0 is pointing into the stack for thread: 0x00007fe2b8b9d000
RBP=0x000000030e809170 is pointing into the stack for thread: 0x00007fe2b8b9d000
RSI=0x0000000040000000 is an unknown value
RDI=0x0000000000000913 is an unknown value
R8 =0x000000000000912f is an unknown value
R9 =0x000000000000913e is an unknown value
R10=0x00000000c0007fff is an unknown value
R11=0x0 is NULL
R12=0x000000030e8090c0 is pointing into the stack for thread: 0x00007fe2b8b9d000
R13=0x00000007ecc7b678 is an unallocated location in the heap
R14=0x000000030e809118 is pointing into the stack for thread: 0x00007fe2b8b9d000
R15=0x0000000000000086 is an unknown value


Registers:
RAX=0x00000001111c9301, RBX=0x00007fe2b8b9d000, RCX=0x0000000000000000, RDX=0x00007fe268500000
RSP=0x000000030e8090c0, RBP=0x000000030e809170, RSI=0x0000000040000000, RDI=0x0000000000000913
R8 =0x000000000000912f, R9 =0x000000000000913e, R10=0x00000000c0007fff, R11=0x0000000000000000
R12=0x000000030e8090c0, R13=0x00000007ecc7b678, R14=0x000000030e809118, R15=0x0000000000000086
RIP=0x0000000110bae7ce, EFLAGS=0x0000000000000202, ERR=0x0000000000000004
  TRAPNO=0x000000000000000e

Top of Stack: (sp=0x000000030e8090c0)
0x000000030e8090c0:   0000000111163060 0000005000000000
0x000000030e8090d0:   0000000000000000 0000000000000000
0x000000030e8090e0:   0000000000000000 0000000000000000
0x000000030e8090f0:   0000000000000000 00007fe268595360
0x000000030e809100:   0000000000000000 0000000000000100
0x000000030e809110:   00000007eab09f00 00007fe26860cdc0
0x000000030e809120:   00007fe2b85b2140 00007fe2b85b2150
0x000000030e809130:   00007fe2b85b2528 00000000000003d8
0x000000030e809140:   00007fe2b8b9d000 0000000000000086
0x000000030e809150:   0000000000000000 0000000131d486d5
0x000000030e809160:   000000030e809250 00007fe2b8b9d000
0x000000030e809170:   000000030e8091d0 000000011b487d56
0x000000030e809180:   000000011b487d11 000000030e809188
0x000000030e809190:   0000000131d486d5 000000030e809250
0x000000030e8091a0:   0000000131d52a20 0000000000000000
0x000000030e8091b0:   00000007c0bc5710 0000000131d496e8
0x000000030e8091c0:   0000000000000000 000000030e809250
0x000000030e8091d0:   000000030e8092a0 000000011b483980
0x000000030e8091e0:   0000000000000000 0000000000000000
0x000000030e8091f0:   0000000000000000 0000000000000000
0x000000030e809200:   0000000000000000 0000000000000000
0x000000030e809210:   0000000000000000 0000000000000000
0x000000030e809220:   0000000000000000 0000000000000000
0x000000030e809230:   0000000000000086 0000000000000001
0x000000030e809240:   0000000000000001 0000000000000085
0x000000030e809250:   00000007c164ad48 000000030e809258
0x000000030e809260:   0000000131d48537 000000030e8092b8
0x000000030e809270:   0000000131d52a20 0000000000000000
0x000000030e809280:   00000007c0bc5710 0000000131d485e8
0x000000030e809290:   000000030e809250 000000030e8092b8
0x000000030e8092a0:   000000030e809310 000000011b483980
0x000000030e8092b0:   0000000000000000 00000007c164ad48 

Instructions: (pc=0x0000000110bae7ce)
0x0000000110bae6ce:   03 4c 8b 20 4c 89 a3 88 03 00 00 4d 85 f6 74 08
0x0000000110bae6de:   4c 89 f7 e8 90 0c 3a 00 48 8d 7d b0 e8 91 97 18
0x0000000110bae6ee:   00 48 8b 9b f0 00 00 00 4c 8b 73 08 48 8b 43 10
0x0000000110bae6fe:   48 83 38 00 74 19 48 8b 73 28 4c 89 f7 e8 f6 8a
0x0000000110bae70e:   d4 ff 48 8b 7b 10 e8 b1 89 d4 ff 48 8b 43 10 49
0x0000000110bae71e:   89 46 10 48 8b 43 18 49 89 46 18 48 8b 43 20 49
0x0000000110bae72e:   89 46 20 48 8d 7d d8 e8 e2 ec ff ff 48 83 c4 30
0x0000000110bae73e:   5b 41 5c 41 5e 41 5f 5d c3 90 55 48 89 e5 41 57
0x0000000110bae74e:   41 56 41 55 41 54 53 48 81 ec 88 00 00 00 41 89
0x0000000110bae75e:   d7 49 89 f5 48 89 fb 48 89 5d d0 c7 83 c0 03 00
0x0000000110bae76e:   00 06 00 00 00 be 03 00 00 00 48 89 da e8 8c fa
0x0000000110bae77e:   ff ff 48 83 7b 08 00 0f 85 9c 00 00 00 48 8b 83
0x0000000110bae78e:   78 02 00 00 4c 8d 75 a8 49 89 06 0f 10 40 10 41
0x0000000110bae79e:   0f 11 46 08 0f 10 40 20 41 0f 11 46 18 4c 8d a5
0x0000000110bae7ae:   50 ff ff ff be 00 01 00 00 4c 89 e7 e8 d1 32 28
0x0000000110bae7be:   00 48 8d 05 3b ab 61 00 31 c9 80 38 00 0f 94 c1
0x0000000110bae7ce:   41 8b 4c 8d 0c 48 8d 35 e7 46 45 00 31 c0 4c 89
0x0000000110bae7de:   e7 44 89 fa e8 c1 2b 28 00 48 8d 05 a2 60 64 00
0x0000000110bae7ee:   4c 8b b8 78 03 00 00 4c 89 e7 e8 8d 34 28 00 48
0x0000000110bae7fe:   8d 35 a8 7d 47 00 ba bc 01 00 00 48 89 df 4c 89
0x0000000110bae80e:   f9 49 89 c0 e8 c1 4f f4 ff 4c 89 e7 e8 cd 34 28
0x0000000110bae81e:   00 4c 89 f7 e8 59 96 18 00 48 8b 9b f0 00 00 00
0x0000000110bae82e:   4c 8b 73 08 48 8b 43 10 48 83 38 00 74 19 48 8b
0x0000000110bae83e:   73 28 4c 89 f7 e8 be 89 d4 ff 48 8b 7b 10 e8 79
0x0000000110bae84e:   88 d4 ff 48 8b 43 10 49 89 46 10 48 8b 43 18 49
0x0000000110bae85e:   89 46 18 48 8b 43 20 49 89 46 20 48 8d 7d d0 e8
0x0000000110bae86e:   aa eb ff ff 48 81 c4 88 00 00 00 5b 41 5c 41 5d
0x0000000110bae87e:   41 5e 41 5f 5d c3 55 48 89 e5 41 56 53 48 83 ec
0x0000000110bae88e:   30 48 89 fb 48 89 5d e8 c7 83 c0 03 00 00 06 00
0x0000000110bae89e:   00 00 48 8b 83 78 02 00 00 48 89 45 c0 0f 10 40
0x0000000110bae8ae:   10 0f 11 45 c8 0f 10 40 20 0f 11 45 d8 48 8d 05
0x0000000110bae8be:   3f aa 61 00 80 38 00 74 15 48 8d 05 92 68 5f 00 


Stack slot to memory mapping:
stack at sp + 0 slots: 0x0000000111163060: _ZTV12stringStream+0x10 in /Users/alaranda/.sdkman/candidates/java/11.0.11-zulu/zulu-11.jdk/Contents/Home/lib/server/libjvm.dylib at 0x0000000110800000
stack at sp + 1 slots: 0x0000005000000000 is an unknown value
stack at sp + 2 slots: 0x0 is NULL
stack at sp + 3 slots: 0x0 is NULL
stack at sp + 4 slots: 0x0 is NULL
stack at sp + 5 slots: 0x0 is NULL
stack at sp + 6 slots: 0x0 is NULL
stack at sp + 7 slots: 0x00007fe268595360 points into unknown readable memory: 0x7000000000000000 | 00 00 00 00 00 00 00 70


---------------  P R O C E S S  ---------------

Threads class SMR info:
_java_thread_list=0x00007fe2b87227a0, length=21, elements={
0x00007fe2a8809000, 0x00007fe2b9008800, 0x00007fe2a8860000, 0x00007fe2ba81d000,
0x00007fe2a885c800, 0x00007fe28900a800, 0x00007fe28900b800, 0x00007fe28900c000,
0x00007fe2b9022800, 0x00007fe2b8861000, 0x00007fe2b883e800, 0x00007fe2b8b0b800,
0x00007fe2bab4d000, 0x00007fe2bab9a000, 0x00007fe2baba4000, 0x00007fe2b8b4b000,
0x00007fe2a8991800, 0x00007fe288808800, 0x00007fe2b9200000, 0x00007fe2b8b9d000,
0x00007fe2a8994000
}

Java Threads: ( => current thread )
  0x00007fe2a8809000 JavaThread "main" [_thread_blocked, id=8195, stack(0x000000030c981000,0x000000030ca81000)]
  0x00007fe2b9008800 JavaThread "Reference Handler" daemon [_thread_blocked, id=14595, stack(0x000000030cc8a000,0x000000030cd8a000)]
  0x00007fe2a8860000 JavaThread "Finalizer" daemon [_thread_blocked, id=19203, stack(0x000000030cd8d000,0x000000030ce8d000)]
  0x00007fe2ba81d000 JavaThread "Signal Dispatcher" daemon [_thread_blocked, id=42755, stack(0x000000030cf9f000,0x000000030d09f000)]
  0x00007fe2a885c800 JavaThread "Service Thread" daemon [_thread_blocked, id=22531, stack(0x000000030d0a2000,0x000000030d1a2000)]
  0x00007fe28900a800 JavaThread "C2 CompilerThread0" daemon [_thread_in_native, id=41987, stack(0x000000030d1a5000,0x000000030d2a5000)]
  0x00007fe28900b800 JavaThread "C1 CompilerThread0" daemon [_thread_blocked, id=41475, stack(0x000000030d2a8000,0x000000030d3a8000)]
  0x00007fe28900c000 JavaThread "Sweeper thread" daemon [_thread_blocked, id=23555, stack(0x000000030d3ab000,0x000000030d4ab000)]
  0x00007fe2b9022800 JavaThread "Common-Cleaner" daemon [_thread_blocked, id=24323, stack(0x000000030d4ae000,0x000000030d5ae000)]
  0x00007fe2b8861000 JavaThread "process reaper" daemon [_thread_blocked, id=39427, stack(0x000000030d6b4000,0x000000030d6d8000)]
  0x00007fe2b883e800 JavaThread "Active Thread: Equinox Container: dc5bdde4-25e8-4172-94ff-5dba1bc48bda" [_thread_blocked, id=26115, stack(0x000000030d6db000,0x000000030d7db000)]
  0x00007fe2b8b0b800 JavaThread "Framework Event Dispatcher: Equinox Container: dc5bdde4-25e8-4172-94ff-5dba1bc48bda" daemon [_thread_blocked, id=26627, stack(0x000000030d7de000,0x000000030d8de000)]
  0x00007fe2bab4d000 JavaThread "Start Level: Equinox Container: dc5bdde4-25e8-4172-94ff-5dba1bc48bda" daemon [_thread_blocked, id=27395, stack(0x000000030d8e1000,0x000000030d9e1000)]
  0x00007fe2bab9a000 JavaThread "SCR Component Actor" daemon [_thread_blocked, id=30467, stack(0x000000030d9e4000,0x000000030dae4000)]
  0x00007fe2baba4000 JavaThread "Timer-0" daemon [_thread_blocked, id=46703, stack(0x000000030ddf0000,0x000000030def0000)]
  0x00007fe2b8b4b000 JavaThread "Worker-JM" [_thread_blocked, id=82179, stack(0x000000030def3000,0x000000030dff3000)]
  0x00007fe2a8991800 JavaThread "Worker-0" [_thread_blocked, id=47875, stack(0x000000030dff6000,0x000000030e0f6000)]
  0x00007fe288808800 JavaThread "Worker-1" [_thread_blocked, id=80131, stack(0x000000030e505000,0x000000030e605000)]
  0x00007fe2b9200000 JavaThread "pool-2-thread-1" [_thread_blocked, id=50951, stack(0x000000030e608000,0x000000030e708000)]
=>0x00007fe2b8b9d000 JavaThread "pool-1-thread-1" [_thread_in_vm, id=51459, stack(0x000000030e70b000,0x000000030e80b000)]
  0x00007fe2a8994000 JavaThread "Worker-2" [_thread_blocked, id=52999, stack(0x000000030e80e000,0x000000030e90e000)]

Other Threads:
  0x00007fe2b881d000 VMThread "VM Thread" [stack: 0x000000030cb87000,0x000000030cc87000] [id=14083]
  0x00007fe2ba8b8000 WatcherThread [stack: 0x000000030d5b1000,0x000000030d6b1000] [id=40247]
  0x00007fe2a880a000 GCTaskThread "ParGC Thread#0" [stack: 0x000000030ca84000,0x000000030cb84000] [id=13135]
  0x00007fe2a897a800 GCTaskThread "ParGC Thread#1" [stack: 0x000000030dae7000,0x000000030dbe7000] [id=86615]
  0x00007fe2b91a0800 GCTaskThread "ParGC Thread#2" [stack: 0x000000030dbea000,0x000000030dcea000] [id=86275]
  0x00007fe2b91a1800 GCTaskThread "ParGC Thread#3" [stack: 0x000000030dced000,0x000000030dded000] [id=86019]
  0x00007fe2b8b4c000 GCTaskThread "ParGC Thread#4" [stack: 0x000000030e0f9000,0x000000030e1f9000] [id=81883]
  0x00007fe2b8b5e000 GCTaskThread "ParGC Thread#5" [stack: 0x000000030e1fc000,0x000000030e2fc000] [id=48387]
  0x00007fe2b8b52800 GCTaskThread "ParGC Thread#6" [stack: 0x000000030e2ff000,0x000000030e3ff000] [id=81155]
  0x00007fe2b8b53000 GCTaskThread "ParGC Thread#7" [stack: 0x000000030e402000,0x000000030e502000] [id=48899]

Threads with active compile tasks:
C2 CompilerThread0   4998 3304       4       jdk.internal.jrtfs.JrtPath::subpath (7 bytes)

VM state:not at safepoint (normal execution)

VM Mutex/Monitor currently owned by a thread: None

Heap address: 0x00000007c0000000, size: 1024 MB, Compressed Oops mode: Zero based, Oop shift amount: 3
Narrow klass base: 0x0000000800000000, Narrow klass shift: 0
Compressed class space size: 1073741824 Address: 0x0000000800000000

Heap:
 PSYoungGen      total 23040K, used 0K [0x00000007eab00000, 0x00000007eca00000, 0x0000000800000000)
  eden space 22528K, 0% used [0x00000007eab00000,0x00000007eab00000,0x00000007ec100000)
  from space 512K, 0% used [0x00000007ec300000,0x00000007ec300000,0x00000007ec380000)
  to   space 2048K, 0% used [0x00000007ec800000,0x00000007ec800000,0x00000007eca00000)
 ParOldGen       total 68608K, used 22855K [0x00000007c0000000, 0x00000007c4300000, 0x00000007eab00000)
  object space 68608K, 33% used [0x00000007c0000000,0x00000007c1651f60,0x00000007c4300000)
 Metaspace       used 33476K, capacity 35270K, committed 35584K, reserved 1081344K
  class space    used 3162K, capacity 3806K, committed 3840K, reserved 1048576K

Card table byte_map: [0x000000012a650000,0x000000012a851000] _byte_map_base: 0x0000000126850000

Marking Bits: (ParMarkBitMap*) 0x00000001111db7a0
 Begin Bits: [0x000000012a9b1000, 0x000000012b9b1000)
 End Bits:   [0x000000012b9b1000, 0x000000012c9b1000)

Polling page: 0x00000001043cc000

Metaspace:

Usage:
  Non-class:     30.73 MB capacity,    29.60 MB ( 96%) used,     1.05 MB (  3%) free+waste,    69.00 KB ( <1%) overhead. 
      Class:      3.72 MB capacity,     3.09 MB ( 83%) used,   611.03 KB ( 16%) free+waste,    32.75 KB ( <1%) overhead. 
       Both:     34.44 MB capacity,    32.69 MB ( 95%) used,     1.65 MB (  5%) free+waste,   101.75 KB ( <1%) overhead. 

Virtual space:
  Non-class space:       32.00 MB reserved,      31.00 MB ( 97%) committed 
      Class space:        1.00 GB reserved,       3.75 MB ( <1%) committed 
             Both:        1.03 GB reserved,      34.75 MB (  3%) committed 

Chunk freelists:
   Non-Class:  44.00 KB
       Class:  2.00 KB
        Both:  46.00 KB

MaxMetaspaceSize: unlimited
CompressedClassSpaceSize: 1.00 GB

CodeHeap 'non-profiled nmethods': size=120032Kb used=1349Kb max_used=1349Kb free=118682Kb
 bounds [0x0000000122f42000, 0x00000001231b2000, 0x000000012a47a000]
CodeHeap 'profiled nmethods': size=120028Kb used=7039Kb max_used=7039Kb free=112988Kb
 bounds [0x000000011ba0b000, 0x000000011c0eb000, 0x0000000122f42000]
CodeHeap 'non-nmethods': size=5700Kb used=1172Kb max_used=1197Kb free=4527Kb
 bounds [0x000000011b47a000, 0x000000011b6ea000, 0x000000011ba0b000]
 total_blobs=3855 nmethods=3311 adapters=458
 compilation: enabled
              stopped_count=0, restarted_count=0
 full_count=0

Compilation events (20 events):
Event: 4.894 Thread 0x00007fe28900b800 3355       3       java.util.Properties::load0 (249 bytes)
Event: 4.895 Thread 0x00007fe28900b800 nmethod 3355 0x000000011c0e5790 code [0x000000011c0e59e0, 0x000000011c0e63e0]
Event: 4.897 Thread 0x00007fe28900b800 3357       3       java.util.ResourceBundle::getObject (82 bytes)
Event: 4.898 Thread 0x00007fe28900b800 nmethod 3357 0x000000011c0e6710 code [0x000000011c0e6a00, 0x000000011c0e7730]
Event: 4.898 Thread 0x00007fe28900b800 3361       3       org.eclipse.jdt.internal.compiler.util.HashtableOfInt::put (95 bytes)
Event: 4.898 Thread 0x00007fe28900b800 nmethod 3361 0x000000011c0e7c10 code [0x000000011c0e7e00, 0x000000011c0e8440]
Event: 4.898 Thread 0x00007fe28900b800 3360       3       sun.util.ResourceBundleEnumeration::hasMoreElements (117 bytes)
Event: 4.899 Thread 0x00007fe28900b800 nmethod 3360 0x000000011c0e8690 code [0x000000011c0e88c0, 0x000000011c0e9320]
Event: 4.899 Thread 0x00007fe28900b800 3362       3       sun.util.ResourceBundleEnumeration::nextElement (5 bytes)
Event: 4.899 Thread 0x00007fe28900b800 nmethod 3362 0x000000011c0e9510 code [0x000000011c0e96e0, 0x000000011c0e9950]
Event: 4.899 Thread 0x00007fe28900b800 3363       3       sun.util.ResourceBundleEnumeration::nextElement (27 bytes)
Event: 4.899 Thread 0x00007fe28900b800 nmethod 3363 0x000000011c0e9a90 code [0x000000011c0e9c60, 0x000000011c0e9e70]
Event: 4.899 Thread 0x00007fe28900b800 3364       3       org.eclipse.jdt.internal.compiler.problem.DefaultProblemFactory::keyFromID (4 bytes)
Event: 4.899 Thread 0x00007fe28900b800 nmethod 3364 0x000000011c0e9f90 code [0x000000011c0ea140, 0x000000011c0ea210]
Event: 4.899 Thread 0x00007fe28900b800 3358       3       java.util.ResourceBundle::getString (9 bytes)
Event: 4.899 Thread 0x00007fe28900b800 nmethod 3358 0x000000011c0ea290 code [0x000000011c0ea460, 0x000000011c0ea680]
Event: 4.899 Thread 0x00007fe28900b800 3359       3       java.util.PropertyResourceBundle::handleGetObject (23 bytes)
Event: 4.899 Thread 0x00007fe28900b800 nmethod 3359 0x000000011c0ea710 code [0x000000011c0ea8e0, 0x000000011c0eabb0]
Event: 4.907 Thread 0x00007fe28900a800 nmethod 3346 0x000000012308f010 code [0x000000012308f220, 0x0000000123090238]
Event: 4.907 Thread 0x00007fe28900a800 3356 %     4       sun.nio.cs.UTF_8$Decoder::decodeArrayLoop @ 73 (691 bytes)

GC Heap History (20 events):
Event: 3.295 GC heap before
{Heap before GC invocations=4 (full 1):
 PSYoungGen      total 29696K, used 25600K [0x00000007eab00000, 0x00000007ecc00000, 0x0000000800000000)
  eden space 25600K, 100% used [0x00000007eab00000,0x00000007ec400000,0x00000007ec400000)
  from space 4096K, 0% used [0x00000007ec800000,0x00000007ec800000,0x00000007ecc00000)
  to   space 4096K, 0% used [0x00000007ec400000,0x00000007ec400000,0x00000007ec800000)
 ParOldGen       total 68608K, used 6521K [0x00000007c0000000, 0x00000007c4300000, 0x00000007eab00000)
  object space 68608K, 9% used [0x00000007c0000000,0x00000007c065e7f8,0x00000007c4300000)
 Metaspace       used 27041K, capacity 28485K, committed 28800K, reserved 1075200K
  class space    used 2580K, capacity 3102K, committed 3200K, reserved 1048576K
}
Event: 3.298 GC heap after
{Heap after GC invocations=4 (full 1):
 PSYoungGen      total 29696K, used 2462K [0x00000007eab00000, 0x00000007ecc00000, 0x0000000800000000)
  eden space 25600K, 0% used [0x00000007eab00000,0x00000007eab00000,0x00000007ec400000)
  from space 4096K, 60% used [0x00000007ec400000,0x00000007ec667870,0x00000007ec800000)
  to   space 4096K, 0% used [0x00000007ec800000,0x00000007ec800000,0x00000007ecc00000)
 ParOldGen       total 68608K, used 6521K [0x00000007c0000000, 0x00000007c4300000, 0x00000007eab00000)
  object space 68608K, 9% used [0x00000007c0000000,0x00000007c065e7f8,0x00000007c4300000)
 Metaspace       used 27041K, capacity 28485K, committed 28800K, reserved 1075200K
  class space    used 2580K, capacity 3102K, committed 3200K, reserved 1048576K
}
Event: 4.005 GC heap before
{Heap before GC invocations=5 (full 1):
 PSYoungGen      total 29696K, used 28062K [0x00000007eab00000, 0x00000007ecc00000, 0x0000000800000000)
  eden space 25600K, 100% used [0x00000007eab00000,0x00000007ec400000,0x00000007ec400000)
  from space 4096K, 60% used [0x00000007ec400000,0x00000007ec667870,0x00000007ec800000)
  to   space 4096K, 0% used [0x00000007ec800000,0x00000007ec800000,0x00000007ecc00000)
 ParOldGen       total 68608K, used 6521K [0x00000007c0000000, 0x00000007c4300000, 0x00000007eab00000)
  object space 68608K, 9% used [0x00000007c0000000,0x00000007c065e7f8,0x00000007c4300000)
 Metaspace       used 31036K, capacity 32619K, committed 32768K, reserved 1079296K
  class space    used 2982K, capacity 3580K, committed 3584K, reserved 1048576K
}
Event: 4.017 GC heap after
{Heap after GC invocations=5 (full 1):
 PSYoungGen      total 29696K, used 4094K [0x00000007eab00000, 0x00000007ecc00000, 0x0000000800000000)
  eden space 25600K, 0% used [0x00000007eab00000,0x00000007eab00000,0x00000007ec400000)
  from space 4096K, 99% used [0x00000007ec800000,0x00000007ecbff880,0x00000007ecc00000)
  to   space 4096K, 0% used [0x00000007ec400000,0x00000007ec400000,0x00000007ec800000)
 ParOldGen       total 68608K, used 6754K [0x00000007c0000000, 0x00000007c4300000, 0x00000007eab00000)
  object space 68608K, 9% used [0x00000007c0000000,0x00000007c0698808,0x00000007c4300000)
 Metaspace       used 31036K, capacity 32619K, committed 32768K, reserved 1079296K
  class space    used 2982K, capacity 3580K, committed 3584K, reserved 1048576K
}
Event: 4.128 GC heap before
{Heap before GC invocations=6 (full 1):
 PSYoungGen      total 29696K, used 29694K [0x00000007eab00000, 0x00000007ecc00000, 0x0000000800000000)
  eden space 25600K, 100% used [0x00000007eab00000,0x00000007ec400000,0x00000007ec400000)
  from space 4096K, 99% used [0x00000007ec800000,0x00000007ecbff880,0x00000007ecc00000)
  to   space 4096K, 0% used [0x00000007ec400000,0x00000007ec400000,0x00000007ec800000)
 ParOldGen       total 68608K, used 6754K [0x00000007c0000000, 0x00000007c4300000, 0x00000007eab00000)
  object space 68608K, 9% used [0x00000007c0000000,0x00000007c0698808,0x00000007c4300000)
 Metaspace       used 31242K, capacity 32838K, committed 33152K, reserved 1079296K
  class space    used 3000K, capacity 3589K, committed 3712K, reserved 1048576K
}
Event: 4.139 GC heap after
{Heap after GC invocations=6 (full 1):
 PSYoungGen      total 29184K, used 4066K [0x00000007eab00000, 0x00000007ed180000, 0x0000000800000000)
  eden space 25088K, 0% used [0x00000007eab00000,0x00000007eab00000,0x00000007ec380000)
  from space 4096K, 99% used [0x00000007ec400000,0x00000007ec7f8948,0x00000007ec800000)
  to   space 7168K, 0% used [0x00000007eca80000,0x00000007eca80000,0x00000007ed180000)
 ParOldGen       total 68608K, used 9053K [0x00000007c0000000, 0x00000007c4300000, 0x00000007eab00000)
  object space 68608K, 13% used [0x00000007c0000000,0x00000007c08d76f8,0x00000007c4300000)
 Metaspace       used 31242K, capacity 32838K, committed 33152K, reserved 1079296K
  class space    used 3000K, capacity 3589K, committed 3712K, reserved 1048576K
}
Event: 4.203 GC heap before
{Heap before GC invocations=7 (full 1):
 PSYoungGen      total 29184K, used 29154K [0x00000007eab00000, 0x00000007ed180000, 0x0000000800000000)
  eden space 25088K, 100% used [0x00000007eab00000,0x00000007ec380000,0x00000007ec380000)
  from space 4096K, 99% used [0x00000007ec400000,0x00000007ec7f8948,0x00000007ec800000)
  to   space 7168K, 0% used [0x00000007eca80000,0x00000007eca80000,0x00000007ed180000)
 ParOldGen       total 68608K, used 9053K [0x00000007c0000000, 0x00000007c4300000, 0x00000007eab00000)
  object space 68608K, 13% used [0x00000007c0000000,0x00000007c08d76f8,0x00000007c4300000)
 Metaspace       used 31334K, capacity 32934K, committed 33152K, reserved 1079296K
  class space    used 3004K, capacity 3621K, committed 3712K, reserved 1048576K
}
Event: 4.212 GC heap after
{Heap after GC invocations=7 (full 1):
 PSYoungGen      total 31232K, used 6512K [0x00000007eab00000, 0x00000007ed100000, 0x0000000800000000)
  eden space 24576K, 0% used [0x00000007eab00000,0x00000007eab00000,0x00000007ec300000)
  from space 6656K, 97% used [0x00000007eca80000,0x00000007ed0dc148,0x00000007ed100000)
  to   space 6656K, 0% used [0x00000007ec400000,0x00000007ec400000,0x00000007eca80000)
 ParOldGen       total 68608K, used 9061K [0x00000007c0000000, 0x00000007c4300000, 0x00000007eab00000)
  object space 68608K, 13% used [0x00000007c0000000,0x00000007c08d96f8,0x00000007c4300000)
 Metaspace       used 31334K, capacity 32934K, committed 33152K, reserved 1079296K
  class space    used 3004K, capacity 3621K, committed 3712K, reserved 1048576K
}
Event: 4.288 GC heap before
{Heap before GC invocations=8 (full 1):
 PSYoungGen      total 31232K, used 31088K [0x00000007eab00000, 0x00000007ed100000, 0x0000000800000000)
  eden space 24576K, 100% used [0x00000007eab00000,0x00000007ec300000,0x00000007ec300000)
  from space 6656K, 97% used [0x00000007eca80000,0x00000007ed0dc148,0x00000007ed100000)
  to   space 6656K, 0% used [0x00000007ec400000,0x00000007ec400000,0x00000007eca80000)
 ParOldGen       total 68608K, used 9061K [0x00000007c0000000, 0x00000007c4300000, 0x00000007eab00000)
  object space 68608K, 13% used [0x00000007c0000000,0x00000007c08d96f8,0x00000007c4300000)
 Metaspace       used 31421K, capacity 33062K, committed 33408K, reserved 1079296K
  class space    used 3012K, capacity 3621K, committed 3712K, reserved 1048576K
}
Event: 4.299 GC heap after
{Heap after GC invocations=8 (full 1):
 PSYoungGen      total 30720K, used 6646K [0x00000007eab00000, 0x00000007ed580000, 0x0000000800000000)
  eden space 24064K, 0% used [0x00000007eab00000,0x00000007eab00000,0x00000007ec280000)
  from space 6656K, 99% used [0x00000007ec400000,0x00000007eca7d918,0x00000007eca80000)
  to   space 9728K, 0% used [0x00000007ecc00000,0x00000007ecc00000,0x00000007ed580000)
 ParOldGen       total 68608K, used 11490K [0x00000007c0000000, 0x00000007c4300000, 0x00000007eab00000)
  object space 68608K, 16% used [0x00000007c0000000,0x00000007c0b38ae0,0x00000007c4300000)
 Metaspace       used 31421K, capacity 33062K, committed 33408K, reserved 1079296K
  class space    used 3012K, capacity 3621K, committed 3712K, reserved 1048576K
}
Event: 4.347 GC heap before
{Heap before GC invocations=9 (full 1):
 PSYoungGen      total 30720K, used 30710K [0x00000007eab00000, 0x00000007ed580000, 0x0000000800000000)
  eden space 24064K, 100% used [0x00000007eab00000,0x00000007ec280000,0x00000007ec280000)
  from space 6656K, 99% used [0x00000007ec400000,0x00000007eca7d918,0x00000007eca80000)
  to   space 9728K, 0% used [0x00000007ecc00000,0x00000007ecc00000,0x00000007ed580000)
 ParOldGen       total 68608K, used 11490K [0x00000007c0000000, 0x00000007c4300000, 0x00000007eab00000)
  object space 68608K, 16% used [0x00000007c0000000,0x00000007c0b38ae0,0x00000007c4300000)
 Metaspace       used 31421K, capacity 33062K, committed 33408K, reserved 1079296K
  class space    used 3012K, capacity 3621K, committed 3712K, reserved 1048576K
}
Event: 4.357 GC heap after
{Heap after GC invocations=9 (full 1):
 PSYoungGen      total 30720K, used 7154K [0x00000007eab00000, 0x00000007ed300000, 0x0000000800000000)
  eden space 23552K, 0% used [0x00000007eab00000,0x00000007eab00000,0x00000007ec200000)
  from space 7168K, 99% used [0x00000007ecc00000,0x00000007ed2fcb28,0x00000007ed300000)
  to   space 8192K, 0% used [0x00000007ec300000,0x00000007ec300000,0x00000007ecb00000)
 ParOldGen       total 68608K, used 13677K [0x00000007c0000000, 0x00000007c4300000, 0x00000007eab00000)
  object space 68608K, 19% used [0x00000007c0000000,0x00000007c0d5b400,0x00000007c4300000)
 Metaspace       used 31421K, capacity 33062K, committed 33408K, reserved 1079296K
  class space    used 3012K, capacity 3621K, committed 3712K, reserved 1048576K
}
Event: 4.409 GC heap before
{Heap before GC invocations=10 (full 1):
 PSYoungGen      total 30720K, used 30706K [0x00000007eab00000, 0x00000007ed300000, 0x0000000800000000)
  eden space 23552K, 100% used [0x00000007eab00000,0x00000007ec200000,0x00000007ec200000)
  from space 7168K, 99% used [0x00000007ecc00000,0x00000007ed2fcb28,0x00000007ed300000)
  to   space 8192K, 0% used [0x00000007ec300000,0x00000007ec300000,0x00000007ecb00000)
 ParOldGen       total 68608K, used 13677K [0x00000007c0000000, 0x00000007c4300000, 0x00000007eab00000)
  object space 68608K, 19% used [0x00000007c0000000,0x00000007c0d5b400,0x00000007c4300000)
 Metaspace       used 31421K, capacity 33062K, committed 33408K, reserved 1079296K
  class space    used 3012K, capacity 3621K, committed 3712K, reserved 1048576K
}
Event: 4.415 GC heap after
{Heap after GC invocations=10 (full 1):
 PSYoungGen      total 29696K, used 6624K [0x00000007eab00000, 0x00000007ecf80000, 0x0000000800000000)
  eden space 23040K, 0% used [0x00000007eab00000,0x00000007eab00000,0x00000007ec180000)
  from space 6656K, 99% used [0x00000007ec300000,0x00000007ec978010,0x00000007ec980000)
  to   space 6144K, 0% used [0x00000007ec980000,0x00000007ec980000,0x00000007ecf80000)
 ParOldGen       total 68608K, used 16487K [0x00000007c0000000, 0x00000007c4300000, 0x00000007eab00000)
  object space 68608K, 24% used [0x00000007c0000000,0x00000007c1019f18,0x00000007c4300000)
 Metaspace       used 31421K, capacity 33062K, committed 33408K, reserved 1079296K
  class space    used 3012K, capacity 3621K, committed 3712K, reserved 1048576K
}
Event: 4.901 GC heap before
{Heap before GC invocations=11 (full 1):
 PSYoungGen      total 29696K, used 29659K [0x00000007eab00000, 0x00000007ecf80000, 0x0000000800000000)
  eden space 23040K, 99% used [0x00000007eab00000,0x00000007ec17ed50,0x00000007ec180000)
  from space 6656K, 99% used [0x00000007ec300000,0x00000007ec978010,0x00000007ec980000)
  to   space 6144K, 0% used [0x00000007ec980000,0x00000007ec980000,0x00000007ecf80000)
 ParOldGen       total 68608K, used 16487K [0x00000007c0000000, 0x00000007c4300000, 0x00000007eab00000)
  object space 68608K, 24% used [0x00000007c0000000,0x00000007c1019f18,0x00000007c4300000)
 Metaspace       used 33016K, capacity 34758K, committed 35072K, reserved 1081344K
  class space    used 3113K, capacity 3742K, committed 3840K, reserved 1048576K
}
Event: 4.906 GC heap after
{Heap after GC invocations=11 (full 1):
 PSYoungGen      total 27136K, used 4365K [0x00000007eab00000, 0x00000007ece00000, 0x0000000800000000)
  eden space 22528K, 0% used [0x00000007eab00000,0x00000007eab00000,0x00000007ec100000)
  from space 4608K, 94% used [0x00000007ec980000,0x00000007ecdc3708,0x00000007ece00000)
  to   space 5632K, 0% used [0x00000007ec300000,0x00000007ec300000,0x00000007ec880000)
 ParOldGen       total 68608K, used 20780K [0x00000007c0000000, 0x00000007c4300000, 0x00000007eab00000)
  object space 68608K, 30% used [0x00000007c0000000,0x00000007c144b208,0x00000007c4300000)
 Metaspace       used 33016K, capacity 34758K, committed 35072K, reserved 1081344K
  class space    used 3113K, capacity 3742K, committed 3840K, reserved 1048576K
}
Event: 4.918 GC heap before
{Heap before GC invocations=12 (full 1):
 PSYoungGen      total 27136K, used 5274K [0x00000007eab00000, 0x00000007ece00000, 0x0000000800000000)
  eden space 22528K, 4% used [0x00000007eab00000,0x00000007eabe34c8,0x00000007ec100000)
  from space 4608K, 94% used [0x00000007ec980000,0x00000007ecdc3708,0x00000007ece00000)
  to   space 5632K, 0% used [0x00000007ec300000,0x00000007ec300000,0x00000007ec880000)
 ParOldGen       total 68608K, used 20780K [0x00000007c0000000, 0x00000007c4300000, 0x00000007eab00000)
  object space 68608K, 30% used [0x00000007c0000000,0x00000007c144b208,0x00000007c4300000)
 Metaspace       used 33462K, capacity 35206K, committed 35328K, reserved 1081344K
  class space    used 3162K, capacity 3806K, committed 3840K, reserved 1048576K
}
Event: 4.922 GC heap after
{Heap after GC invocations=12 (full 1):
 PSYoungGen      total 23040K, used 160K [0x00000007eab00000, 0x00000007eca00000, 0x0000000800000000)
  eden space 22528K, 0% used [0x00000007eab00000,0x00000007eab00000,0x00000007ec100000)
  from space 512K, 31% used [0x00000007ec300000,0x00000007ec328000,0x00000007ec380000)
  to   space 2048K, 0% used [0x00000007ec800000,0x00000007ec800000,0x00000007eca00000)
 ParOldGen       total 68608K, used 25027K [0x00000007c0000000, 0x00000007c4300000, 0x00000007eab00000)
  object space 68608K, 36% used [0x00000007c0000000,0x00000007c1870dd0,0x00000007c4300000)
 Metaspace       used 33462K, capacity 35206K, committed 35328K, reserved 1081344K
  class space    used 3162K, capacity 3806K, committed 3840K, reserved 1048576K
}
Event: 4.922 GC heap before
{Heap before GC invocations=13 (full 2):
 PSYoungGen      total 23040K, used 160K [0x00000007eab00000, 0x00000007eca00000, 0x0000000800000000)
  eden space 22528K, 0% used [0x00000007eab00000,0x00000007eab00000,0x00000007ec100000)
  from space 512K, 31% used [0x00000007ec300000,0x00000007ec328000,0x00000007ec380000)
  to   space 2048K, 0% used [0x00000007ec800000,0x00000007ec800000,0x00000007eca00000)
 ParOldGen       total 68608K, used 25027K [0x00000007c0000000, 0x00000007c4300000, 0x00000007eab00000)
  object space 68608K, 36% used [0x00000007c0000000,0x00000007c1870dd0,0x00000007c4300000)
 Metaspace       used 33462K, capacity 35206K, committed 35328K, reserved 1081344K
  class space    used 3162K, capacity 3806K, committed 3840K, reserved 1048576K
}
Event: 4.986 GC heap after
{Heap after GC invocations=13 (full 2):
 PSYoungGen      total 23040K, used 0K [0x00000007eab00000, 0x00000007eca00000, 0x0000000800000000)
  eden space 22528K, 0% used [0x00000007eab00000,0x00000007eab00000,0x00000007ec100000)
  from space 512K, 0% used [0x00000007ec300000,0x00000007ec300000,0x00000007ec380000)
  to   space 2048K, 0% used [0x00000007ec800000,0x00000007ec800000,0x00000007eca00000)
 ParOldGen       total 68608K, used 22855K [0x00000007c0000000, 0x00000007c4300000, 0x00000007eab00000)
  object space 68608K, 33% used [0x00000007c0000000,0x00000007c1651f60,0x00000007c4300000)
 Metaspace       used 33462K, capacity 35206K, committed 35328K, reserved 1081344K
  class space    used 3162K, capacity 3806K, committed 3840K, reserved 1048576K
}

Deoptimization events (20 events):
Event: 4.877 Thread 0x00007fe2b8b9d000 DEOPT PACKING pc=0x000000011be9eb56 sp=0x000000030e808c90
Event: 4.877 Thread 0x00007fe2b8b9d000 DEOPT UNPACKING pc=0x000000011b49f32b sp=0x000000030e808190 mode 0
Event: 4.890 Thread 0x00007fe2b8b9d000 DEOPT PACKING pc=0x000000011be9eb56 sp=0x000000030e808a00
Event: 4.890 Thread 0x00007fe2b8b9d000 DEOPT UNPACKING pc=0x000000011b49f32b sp=0x000000030e807f00 mode 0
Event: 4.890 Thread 0x00007fe2b8b9d000 DEOPT PACKING pc=0x000000011be9eb56 sp=0x000000030e808a00
Event: 4.890 Thread 0x00007fe2b8b9d000 DEOPT UNPACKING pc=0x000000011b49f32b sp=0x000000030e807f00 mode 0
Event: 4.892 Thread 0x00007fe2b8b9d000 DEOPT PACKING pc=0x000000011be9eb56 sp=0x000000030e808a00
Event: 4.892 Thread 0x00007fe2b8b9d000 DEOPT UNPACKING pc=0x000000011b49f32b sp=0x000000030e807f00 mode 0
Event: 4.894 Thread 0x00007fe2b8b9d000 DEOPT PACKING pc=0x000000011be9eb56 sp=0x000000030e808a00
Event: 4.894 Thread 0x00007fe2b8b9d000 DEOPT UNPACKING pc=0x000000011b49f32b sp=0x000000030e807f00 mode 0
Event: 4.895 Thread 0x00007fe2b8b9d000 DEOPT PACKING pc=0x000000011be9eb56 sp=0x000000030e8089e0
Event: 4.895 Thread 0x00007fe2b8b9d000 DEOPT UNPACKING pc=0x000000011b49f32b sp=0x000000030e807ed8 mode 0
Event: 4.896 Thread 0x00007fe2b8b9d000 DEOPT PACKING pc=0x000000011be9eb56 sp=0x000000030e8089e0
Event: 4.896 Thread 0x00007fe2b8b9d000 DEOPT UNPACKING pc=0x000000011b49f32b sp=0x000000030e807ed8 mode 0
Event: 4.896 Thread 0x00007fe2b8b9d000 DEOPT PACKING pc=0x000000011be9eb56 sp=0x000000030e8089e0
Event: 4.896 Thread 0x00007fe2b8b9d000 DEOPT UNPACKING pc=0x000000011b49f32b sp=0x000000030e807ed8 mode 0
Event: 4.896 Thread 0x00007fe2b8b9d000 DEOPT PACKING pc=0x000000011be9eb56 sp=0x000000030e8089e0
Event: 4.896 Thread 0x00007fe2b8b9d000 DEOPT UNPACKING pc=0x000000011b49f32b sp=0x000000030e807ed8 mode 0
Event: 4.896 Thread 0x00007fe2b8b9d000 DEOPT PACKING pc=0x000000011be9eb56 sp=0x000000030e8089e0
Event: 4.896 Thread 0x00007fe2b8b9d000 DEOPT UNPACKING pc=0x000000011b49f32b sp=0x000000030e807ed8 mode 0

Classes redefined (0 events):
No events

Internal exceptions (20 events):
Event: 4.711 Thread 0x00007fe2b8b9d000 Exception <a 'sun/nio/fs/UnixException'{0x00000007eb42b2a0}> (0x00000007eb42b2a0) thrown at [./src/hotspot/share/prims/jni.cpp, line 615]
Event: 4.711 Thread 0x00007fe2b8b9d000 Exception <a 'sun/nio/fs/UnixException'{0x00000007eb42c598}> (0x00000007eb42c598) thrown at [./src/hotspot/share/prims/jni.cpp, line 615]
Event: 4.711 Thread 0x00007fe2b8b9d000 Exception <a 'sun/nio/fs/UnixException'{0x00000007eb42d4c8}> (0x00000007eb42d4c8) thrown at [./src/hotspot/share/prims/jni.cpp, line 615]
Event: 4.711 Thread 0x00007fe2b8b9d000 Exception <a 'sun/nio/fs/UnixException'{0x00000007eb42e600}> (0x00000007eb42e600) thrown at [./src/hotspot/share/prims/jni.cpp, line 615]
Event: 4.712 Thread 0x00007fe2b8b9d000 Exception <a 'sun/nio/fs/UnixException'{0x00000007eb42f8c8}> (0x00000007eb42f8c8) thrown at [./src/hotspot/share/prims/jni.cpp, line 615]
Event: 4.713 Thread 0x00007fe2b8b9d000 Exception <a 'sun/nio/fs/UnixException'{0x00000007eb434070}> (0x00000007eb434070) thrown at [./src/hotspot/share/prims/jni.cpp, line 615]
Event: 4.713 Thread 0x00007fe2b8b9d000 Exception <a 'sun/nio/fs/UnixException'{0x00000007eb435310}> (0x00000007eb435310) thrown at [./src/hotspot/share/prims/jni.cpp, line 615]
Event: 4.715 Thread 0x00007fe2b8b9d000 Exception <a 'sun/nio/fs/UnixException'{0x00000007eb43d6f8}> (0x00000007eb43d6f8) thrown at [./src/hotspot/share/prims/jni.cpp, line 615]
Event: 4.719 Thread 0x00007fe2b8b9d000 Exception <a 'sun/nio/fs/UnixException'{0x00000007eb452060}> (0x00000007eb452060) thrown at [./src/hotspot/share/prims/jni.cpp, line 615]
Event: 4.725 Thread 0x00007fe2b8b9d000 Exception <a 'sun/nio/fs/UnixException'{0x00000007eb45f978}> (0x00000007eb45f978) thrown at [./src/hotspot/share/prims/jni.cpp, line 615]
Event: 4.725 Thread 0x00007fe2b8b9d000 Exception <a 'sun/nio/fs/UnixException'{0x00000007eb467538}> (0x00000007eb467538) thrown at [./src/hotspot/share/prims/jni.cpp, line 615]
Event: 4.725 Thread 0x00007fe2b8b9d000 Exception <a 'sun/nio/fs/UnixException'{0x00000007eb4689e0}> (0x00000007eb4689e0) thrown at [./src/hotspot/share/prims/jni.cpp, line 615]
Event: 4.725 Thread 0x00007fe2b8b9d000 Exception <a 'sun/nio/fs/UnixException'{0x00000007eb469e30}> (0x00000007eb469e30) thrown at [./src/hotspot/share/prims/jni.cpp, line 615]
Event: 4.726 Thread 0x00007fe2b8b9d000 Exception <a 'sun/nio/fs/UnixException'{0x00000007eb46c5b0}> (0x00000007eb46c5b0) thrown at [./src/hotspot/share/prims/jni.cpp, line 615]
Event: 4.727 Thread 0x00007fe2b8b9d000 Exception <a 'sun/nio/fs/UnixException'{0x00000007eb471b38}> (0x00000007eb471b38) thrown at [./src/hotspot/share/prims/jni.cpp, line 615]
Event: 4.727 Thread 0x00007fe2b8b9d000 Exception <a 'java/io/FileNotFoundException'{0x00000007eb4751f8}> (0x00000007eb4751f8) thrown at [./src/hotspot/share/prims/jni.cpp, line 615]
Event: 4.734 Thread 0x00007fe2b8b9d000 Exception <a 'java/io/FileNotFoundException'{0x00000007eb484be0}> (0x00000007eb484be0) thrown at [./src/hotspot/share/prims/jni.cpp, line 615]
Event: 4.735 Thread 0x00007fe2b8b9d000 Exception <a 'sun/nio/fs/UnixException'{0x00000007eb48a308}> (0x00000007eb48a308) thrown at [./src/hotspot/share/prims/jni.cpp, line 615]
Event: 4.739 Thread 0x00007fe2b8b9d000 Exception <a 'sun/nio/fs/UnixException'{0x00000007eb4a11c8}> (0x00000007eb4a11c8) thrown at [./src/hotspot/share/prims/jni.cpp, line 615]
Event: 4.741 Thread 0x00007fe2b8b9d000 Exception <a 'sun/nio/fs/UnixException'{0x00000007eb4aee68}> (0x00000007eb4aee68) thrown at [./src/hotspot/share/prims/jni.cpp, line 615]

Events (20 events):
Event: 4.765 Executing VM operation: RevokeBias
Event: 4.765 Executing VM operation: RevokeBias done
Event: 4.767 Executing VM operation: RevokeBias
Event: 4.767 Executing VM operation: RevokeBias done
Event: 4.768 Executing VM operation: RevokeBias
Event: 4.769 Executing VM operation: RevokeBias done
Event: 4.855 Executing VM operation: RevokeBias
Event: 4.855 Executing VM operation: RevokeBias done
Event: 4.887 loading class org/eclipse/jdt/internal/compiler/problem/messages
Event: 4.887 loading class org/eclipse/jdt/internal/compiler/problem/messages done
Event: 4.897 loading class org/eclipse/jdt/internal/compiler/problem/messages_es
Event: 4.897 loading class org/eclipse/jdt/internal/compiler/problem/messages_es done
Event: 4.897 loading class org/eclipse/jdt/internal/compiler/problem/messages_es_419
Event: 4.897 loading class org/eclipse/jdt/internal/compiler/problem/messages_es_419 done
Event: 4.901 Executing VM operation: ParallelGCFailedAllocation
Event: 4.906 Executing VM operation: ParallelGCFailedAllocation done
Event: 4.915 Executing VM operation: Deoptimize
Event: 4.916 Executing VM operation: Deoptimize done
Event: 4.918 Executing VM operation: CollectForMetadataAllocation
Event: 4.986 Executing VM operation: CollectForMetadataAllocation done


Dynamic libraries:
0x00007ffdffbf9000 	/Library/Apple/usr/libexec/oah/runtime
0x00007fff352ab000 	/System/Library/Frameworks/Cocoa.framework/Versions/A/Cocoa
0x00007fff22150000 	/System/Library/Frameworks/Security.framework/Versions/A/Security
0x00007fff334a8000 	/System/Library/Frameworks/ApplicationServices.framework/Versions/A/ApplicationServices
0x00007fff2a5f9000 	/usr/lib/libz.1.dylib
0x000000010c670000 	/Users/alaranda/.sdkman/candidates/java/11.0.11-zulu/zulu-11.jdk/Contents/Home/lib/jli/libjli.dylib
0x00007fff2a6c5000 	/usr/lib/libSystem.B.dylib
0x00007fff22b77000 	/System/Library/Frameworks/AppKit.framework/Versions/C/AppKit
0x00007fff25a35000 	/System/Library/Frameworks/CoreData.framework/Versions/A/CoreData
0x00007fff210c3000 	/System/Library/Frameworks/Foundation.framework/Versions/C/Foundation
0x00007fff238da000 	/System/Library/PrivateFrameworks/UIFoundation.framework/Versions/A/UIFoundation
0x00007fff2fe87000 	/System/Library/PrivateFrameworks/RemoteViewServices.framework/Versions/A/RemoteViewServices
0x00007fff28c11000 	/System/Library/PrivateFrameworks/XCTTargetBootstrap.framework/Versions/A/XCTTargetBootstrap
0x00007fff2b963000 	/usr/lib/libspindump.dylib
0x00007fff23b2f000 	/System/Library/Frameworks/UniformTypeIdentifiers.framework/Versions/A/UniformTypeIdentifiers
0x00007fff273e7000 	/usr/lib/libapp_launch_measurement.dylib
0x00007fff273ea000 	/System/Library/PrivateFrameworks/CoreAutoLayout.framework/Versions/A/CoreAutoLayout
0x00007fff28573000 	/System/Library/Frameworks/Metal.framework/Versions/A/Metal
0x00007fff2926a000 	/usr/lib/liblangid.dylib
0x00007fff28c15000 	/System/Library/PrivateFrameworks/CoreSVG.framework/Versions/A/CoreSVG
0x00007fff24b16000 	/System/Library/PrivateFrameworks/SkyLight.framework/Versions/A/SkyLight
0x00007fff24e7d000 	/System/Library/Frameworks/CoreGraphics.framework/Versions/A/CoreGraphics
0x00007fff304de000 	/System/Library/Frameworks/Accelerate.framework/Versions/A/Accelerate
0x00007fff2b39e000 	/System/Library/PrivateFrameworks/IconServices.framework/Versions/A/IconServices
0x00007fff28558000 	/System/Library/Frameworks/IOSurface.framework/Versions/A/IOSurface
0x00007fff263c7000 	/usr/lib/libDiagnosticMessagesClient.dylib
0x00007fff28bfd000 	/System/Library/PrivateFrameworks/DFRFoundation.framework/Versions/A/DFRFoundation
0x00007fff224a2000 	/usr/lib/libicucore.A.dylib
0x00007fff2cea8000 	/System/Library/Frameworks/AudioToolbox.framework/Versions/A/AudioToolbox
0x00007fff2c14d000 	/System/Library/PrivateFrameworks/DataDetectorsCore.framework/Versions/A/DataDetectorsCore
0x00007fff288fd000 	/System/Library/Frameworks/Carbon.framework/Versions/A/Frameworks/HIToolbox.framework/Versions/A/HIToolbox
0x00007fff26e42000 	/System/Library/Frameworks/QuartzCore.framework/Versions/A/QuartzCore
0x00007fff2fec3000 	/System/Library/Frameworks/Carbon.framework/Versions/A/Frameworks/SpeechRecognition.framework/Versions/A/SpeechRecognition
0x00007fff2714f000 	/System/Library/PrivateFrameworks/CoreUI.framework/Versions/A/CoreUI
0x00007fff21aab000 	/System/Library/Frameworks/CoreAudio.framework/Versions/A/CoreAudio
0x00007fff264b2000 	/System/Library/Frameworks/DiskArbitration.framework/Versions/A/DiskArbitration
0x00007fff2bd5d000 	/System/Library/PrivateFrameworks/MultitouchSupport.framework/Versions/A/MultitouchSupport
0x00007fff2c144000 	/System/Library/PrivateFrameworks/InternationalSupport.framework/Versions/A/InternationalSupport
0x00007fff24a8a000 	/usr/lib/libenergytrace.dylib
0x00007fff22a70000 	/System/Library/Frameworks/IOKit.framework/Versions/A/IOKit
0x00007fff30210000 	/System/Library/Frameworks/CoreServices.framework/Versions/A/CoreServices
0x00007fff2737d000 	/System/Library/PrivateFrameworks/PerformanceAnalysis.framework/Versions/A/PerformanceAnalysis
0x00007fff6cb85000 	/System/Library/Frameworks/OpenGL.framework/Versions/A/OpenGL
0x00007fff2c1c9000 	/System/Library/PrivateFrameworks/UserActivity.framework/Versions/A/UserActivity
0x00007fff20200000 	/usr/lib/libobjc.A.dylib
0x00007fff25537000 	/System/Library/Frameworks/ColorSync.framework/Versions/A/ColorSync
0x00007fff203e1000 	/System/Library/Frameworks/CoreFoundation.framework/Versions/A/CoreFoundation
0x00007fff28e81000 	/System/Library/Frameworks/CoreImage.framework/Versions/A/CoreImage
0x00007fff218c2000 	/System/Library/Frameworks/CoreText.framework/Versions/A/CoreText
0x00007fff28c3f000 	/System/Library/Frameworks/ImageIO.framework/Versions/A/ImageIO
0x00007fff2a6cb000 	/System/Library/PrivateFrameworks/SoftLinking.framework/Versions/A/SoftLinking
0x00007fff27433000 	/usr/lib/libxml2.2.dylib
0x00007fff202c6000 	/usr/lib/libc++.1.dylib
0x00007fff2a93d000 	/usr/lib/libcompression.dylib
0x00007fff24a8b000 	/usr/lib/libMobileGestalt.dylib
0x00007fff2c077000 	/System/Library/PrivateFrameworks/TextureIO.framework/Versions/A/TextureIO
0x00007fff2b02b000 	/usr/lib/libate.dylib
0x00007fff2a6bf000 	/usr/lib/system/libcache.dylib
0x00007fff2a67b000 	/usr/lib/system/libcommonCrypto.dylib
0x00007fff2a6a5000 	/usr/lib/system/libcompiler_rt.dylib
0x00007fff2a69a000 	/usr/lib/system/libcopyfile.dylib
0x00007fff200ee000 	/usr/lib/system/libcorecrypto.dylib
0x00007fff201bb000 	/usr/lib/system/libdispatch.dylib
0x00007fff20370000 	/usr/lib/system/libdyld.dylib
0x00007fff2a6b6000 	/usr/lib/system/libkeymgr.dylib
0x00007fff2dc5a000 	/usr/lib/system/liblaunch.dylib
0x00007fff2a659000 	/usr/lib/system/libmacho.dylib
0x00007fff29e6e000 	/usr/lib/system/libquarantine.dylib
0x00007fff2a6b3000 	/usr/lib/system/libremovefile.dylib
0x00007fff24ae7000 	/usr/lib/system/libsystem_asl.dylib
0x00007fff2009e000 	/usr/lib/system/libsystem_blocks.dylib
0x00007fff2023d000 	/usr/lib/system/libsystem_c.dylib
0x00007fff2a6ad000 	/usr/lib/system/libsystem_collections.dylib
0x00007fff2925b000 	/usr/lib/system/libsystem_configuration.dylib
0x00007fff28547000 	/usr/lib/system/libsystem_containermanager.dylib
0x00007fff2a3f1000 	/usr/lib/system/libsystem_coreservices.dylib
0x00007fff22704000 	/usr/lib/system/libsystem_darwin.dylib
0x00007fff2a6b7000 	/usr/lib/system/libsystem_dnssd.dylib
0x00007fff2023a000 	/usr/lib/system/libsystem_featureflags.dylib
0x00007fff203b5000 	/usr/lib/system/libsystem_info.dylib
0x00007fff2a60c000 	/usr/lib/system/libsystem_m.dylib
0x00007fff2018e000 	/usr/lib/system/libsystem_malloc.dylib
0x00007fff24a7b000 	/usr/lib/system/libsystem_networkextension.dylib
0x00007fff22b1f000 	/usr/lib/system/libsystem_notify.dylib
0x00007fff3010e000 	/usr/lib/system/libsystem_product_info_filter.dylib
0x00007fff2925f000 	/usr/lib/system/libsystem_sandbox.dylib
0x00007fff2a6b0000 	/usr/lib/system/libsystem_secinit.dylib
0x00007fff20335000 	/usr/lib/system/libsystem_kernel.dylib
0x00007fff203ab000 	/usr/lib/system/libsystem_platform.dylib
0x00007fff20364000 	/usr/lib/system/libsystem_pthread.dylib
0x00007fff26215000 	/usr/lib/system/libsystem_symptoms.dylib
0x00007fff200d6000 	/usr/lib/system/libsystem_trace.dylib
0x00007fff2a687000 	/usr/lib/system/libunwind.dylib
0x00007fff200a0000 	/usr/lib/system/libxpc.dylib
0x00007fff2031c000 	/usr/lib/libc++abi.dylib
0x00007fff2a692000 	/usr/lib/liboah.dylib
0x00007fff2ad56000 	/usr/lib/liblzma.5.dylib
0x00007fff20dd7000 	/System/Library/Frameworks/SystemConfiguration.framework/Versions/A/SystemConfiguration
0x00007fff2a6c7000 	/usr/lib/libfakelink.dylib
0x00007fff245dd000 	/System/Library/Frameworks/CFNetwork.framework/Versions/A/CFNetwork
0x00007fff2a807000 	/usr/lib/libarchive.2.dylib
0x00007fff20e55000 	/usr/lib/libCRFSuite.dylib
0x00007fff29e95000 	/usr/lib/libbsm.0.dylib
0x00007fff23f99000 	/usr/lib/libnetwork.dylib
0x00007fff2a6cc000 	/usr/lib/libpcap.A.dylib
0x00007fff2620e000 	/usr/lib/libdns_services.dylib
0x00007fff2ad6f000 	/usr/lib/libcoretls_cfhelpers.dylib
0x00007fff2a90b000 	/usr/lib/libapple_nghttp2.dylib
0x00007fff2a65f000 	/usr/lib/system/libkxld.dylib
0x00007fff25e7c000 	/usr/lib/libsqlite3.dylib
0x00007fff2a3d3000 	/System/Library/PrivateFrameworks/AppleFSCompression.framework/Versions/A/AppleFSCompression
0x00007fff29e7d000 	/usr/lib/libcoretls.dylib
0x00007fff2a938000 	/usr/lib/libpam.2.dylib
0x00007fff2ae6c000 	/usr/lib/libxar.1.dylib
0x00007fff29266000 	/System/Library/PrivateFrameworks/AppleSystemInfo.framework/Versions/A/AppleSystemInfo
0x00007fff29ac0000 	/System/Library/PrivateFrameworks/IOMobileFramebuffer.framework/Versions/A/IOMobileFramebuffer
0x00007fff2a3e3000 	/usr/lib/libbz2.1.0.dylib
0x00007fff2a704000 	/usr/lib/libiconv.2.dylib
0x00007fff2a658000 	/usr/lib/libcharset.1.dylib
0x00007fff273b9000 	/System/Library/Frameworks/CoreServices.framework/Versions/A/Frameworks/FSEvents.framework/Versions/A/FSEvents
0x00007fff2270e000 	/System/Library/Frameworks/CoreServices.framework/Versions/A/Frameworks/CarbonCore.framework/Versions/A/CarbonCore
0x00007fff26417000 	/System/Library/Frameworks/CoreServices.framework/Versions/A/Frameworks/Metadata.framework/Versions/A/Metadata
0x00007fff2a3f6000 	/System/Library/Frameworks/CoreServices.framework/Versions/A/Frameworks/OSServices.framework/Versions/A/OSServices
0x00007fff2a879000 	/System/Library/Frameworks/CoreServices.framework/Versions/A/Frameworks/SearchKit.framework/Versions/A/SearchKit
0x00007fff26198000 	/System/Library/Frameworks/CoreServices.framework/Versions/A/Frameworks/AE.framework/Versions/A/AE
0x00007fff2087d000 	/System/Library/Frameworks/CoreServices.framework/Versions/A/Frameworks/LaunchServices.framework/Versions/A/LaunchServices
0x00007fff2ad07000 	/System/Library/Frameworks/CoreServices.framework/Versions/A/Frameworks/DictionaryServices.framework/Versions/A/DictionaryServices
0x00007fff273c2000 	/System/Library/Frameworks/CoreServices.framework/Versions/A/Frameworks/SharedFileList.framework/Versions/A/SharedFileList
0x00007fff29e71000 	/usr/lib/libCheckFix.dylib
0x00007fff24afe000 	/System/Library/PrivateFrameworks/TCC.framework/Versions/A/TCC
0x00007fff2926c000 	/System/Library/PrivateFrameworks/CoreNLP.framework/Versions/A/CoreNLP
0x00007fff263ca000 	/System/Library/PrivateFrameworks/MetadataUtilities.framework/Versions/A/MetadataUtilities
0x00007fff20e8b000 	/usr/lib/libmecabra.dylib
0x00007fff2a185000 	/System/Library/Frameworks/MLCompute.framework/Versions/A/MLCompute
0x00007fff29ea6000 	/usr/lib/libmecab.dylib
0x00007fff29ef0000 	/usr/lib/libgermantok.dylib
0x00007fff2a8e1000 	/usr/lib/libThaiTokenizer.dylib
0x00007fff2aea7000 	/usr/lib/libChineseTokenizer.dylib
0x00007fff2a936000 	/System/Library/Frameworks/MetalPerformanceShaders.framework/Versions/A/MetalPerformanceShaders
0x00007fff264b9000 	/System/Library/Frameworks/Accelerate.framework/Versions/A/Frameworks/vImage.framework/Versions/A/vImage
0x00007fff301e9000 	/System/Library/Frameworks/Accelerate.framework/Versions/A/Frameworks/vecLib.framework/Versions/A/vecLib
0x00007fff2aeb2000 	/System/Library/Frameworks/Accelerate.framework/Versions/A/Frameworks/vecLib.framework/Versions/A/libvMisc.dylib
0x00007fff2991c000 	/System/Library/Frameworks/Accelerate.framework/Versions/A/Frameworks/vecLib.framework/Versions/A/libvDSP.dylib
0x00007fff20b81000 	/System/Library/Frameworks/Accelerate.framework/Versions/A/Frameworks/vecLib.framework/Versions/A/libBLAS.dylib
0x00007fff2a95c000 	/System/Library/Frameworks/Accelerate.framework/Versions/A/Frameworks/vecLib.framework/Versions/A/libLAPACK.dylib
0x00007fff29ef6000 	/System/Library/Frameworks/Accelerate.framework/Versions/A/Frameworks/vecLib.framework/Versions/A/libLinearAlgebra.dylib
0x00007fff2a923000 	/System/Library/Frameworks/Accelerate.framework/Versions/A/Frameworks/vecLib.framework/Versions/A/libSparseBLAS.dylib
0x00007fff2a956000 	/System/Library/Frameworks/Accelerate.framework/Versions/A/Frameworks/vecLib.framework/Versions/A/libQuadrature.dylib
0x00007fff29314000 	/System/Library/Frameworks/Accelerate.framework/Versions/A/Frameworks/vecLib.framework/Versions/A/libBNNS.dylib
0x00007fff20d68000 	/System/Library/Frameworks/Accelerate.framework/Versions/A/Frameworks/vecLib.framework/Versions/A/libSparse.dylib
0x00007fff291ff000 	/System/Library/Frameworks/MetalPerformanceShaders.framework/Versions/A/Frameworks/MPSCore.framework/Versions/A/MPSCore
0x00007fff2a342000 	/System/Library/Frameworks/MetalPerformanceShaders.framework/Versions/A/Frameworks/MPSImage.framework/Versions/A/MPSImage
0x00007fff29f0d000 	/System/Library/Frameworks/MetalPerformanceShaders.framework/Versions/A/Frameworks/MPSNeuralNetwork.framework/Versions/A/MPSNeuralNetwork
0x00007fff2a2cd000 	/System/Library/Frameworks/MetalPerformanceShaders.framework/Versions/A/Frameworks/MPSMatrix.framework/Versions/A/MPSMatrix
0x00007fff2a135000 	/System/Library/Frameworks/MetalPerformanceShaders.framework/Versions/A/Frameworks/MPSRayIntersector.framework/Versions/A/MPSRayIntersector
0x00007fff2a304000 	/System/Library/Frameworks/MetalPerformanceShaders.framework/Versions/A/Frameworks/MPSNDArray.framework/Versions/A/MPSNDArray
0x00007fff20aad000 	/System/Library/PrivateFrameworks/MetalTools.framework/Versions/A/MetalTools
0x00007fff29264000 	/System/Library/PrivateFrameworks/AggregateDictionary.framework/Versions/A/AggregateDictionary
0x00007fff263a2000 	/System/Library/PrivateFrameworks/CoreAnalytics.framework/Versions/A/CoreAnalytics
0x00007fff2a8e3000 	/System/Library/PrivateFrameworks/AppleSauce.framework/Versions/A/AppleSauce
0x00007fff2856a000 	/System/Library/PrivateFrameworks/IOAccelerator.framework/Versions/A/IOAccelerator
0x00007fff6cb79000 	/System/Library/Frameworks/OpenGL.framework/Versions/A/Libraries/libCoreFSCache.dylib
0x00007fff21427000 	/System/Library/PrivateFrameworks/LanguageModeling.framework/Versions/A/LanguageModeling
0x00007fff29aad000 	/System/Library/PrivateFrameworks/CoreEmoji.framework/Versions/A/CoreEmoji
0x00007fff2930d000 	/System/Library/PrivateFrameworks/LinguisticData.framework/Versions/A/LinguisticData
0x00007fff20d1a000 	/System/Library/PrivateFrameworks/Lexicon.framework/Versions/A/Lexicon
0x00007fff2a7f5000 	/usr/lib/libcmph.dylib
0x00007fff27399000 	/System/Library/Frameworks/OpenDirectory.framework/Versions/A/Frameworks/CFOpenDirectory.framework/Versions/A/CFOpenDirectory
0x00007fff27389000 	/System/Library/Frameworks/OpenDirectory.framework/Versions/A/OpenDirectory
0x00007fff2ad71000 	/System/Library/PrivateFrameworks/APFS.framework/Versions/A/APFS
0x00007fff29dd2000 	/System/Library/Frameworks/SecurityFoundation.framework/Versions/A/SecurityFoundation
0x00007fff2ae7a000 	/usr/lib/libutil.dylib
0x00007fff22a35000 	/System/Library/PrivateFrameworks/CoreServicesStore.framework/Versions/A/CoreServicesStore
0x00007fff29e69000 	/System/Library/Frameworks/ServiceManagement.framework/Versions/A/ServiceManagement
0x00007fff2ae7e000 	/usr/lib/libxslt.1.dylib
0x00007fff29e5f000 	/System/Library/PrivateFrameworks/BackgroundTaskManagement.framework/Versions/A/BackgroundTaskManagement
0x00007fff2bfc2000 	/System/Library/Frameworks/ImageIO.framework/Versions/A/Resources/libRadiance.dylib
0x00007fff2bfcb000 	/System/Library/Frameworks/ImageIO.framework/Versions/A/Resources/libJPEG.dylib
0x00007fff2bf17000 	/System/Library/Frameworks/ImageIO.framework/Versions/A/Resources/libPng.dylib
0x00007fff2bf3e000 	/System/Library/Frameworks/ImageIO.framework/Versions/A/Resources/libTIFF.dylib
0x00007fff2c020000 	/System/Library/Frameworks/ImageIO.framework/Versions/A/Resources/libGIF.dylib
0x00007fff2bc7b000 	/System/Library/Frameworks/ImageIO.framework/Versions/A/Resources/libJP2.dylib
0x00007fff2b365000 	/usr/lib/libexpat.1.dylib
0x00007fff2bc30000 	/System/Library/PrivateFrameworks/AppleJPEG.framework/Versions/A/AppleJPEG
0x00007fff287a0000 	/System/Library/PrivateFrameworks/FontServices.framework/libFontParser.dylib
0x00007fff2614c000 	/System/Library/PrivateFrameworks/RunningBoardServices.framework/Versions/A/RunningBoardServices
0x00007fff2bd59000 	/System/Library/PrivateFrameworks/WatchdogClient.framework/Versions/A/WatchdogClient
0x00007fff21514000 	/System/Library/Frameworks/CoreDisplay.framework/Versions/A/CoreDisplay
0x00007fff286b6000 	/System/Library/Frameworks/CoreMedia.framework/Versions/A/CoreMedia
0x00007fff27516000 	/System/Library/Frameworks/CoreVideo.framework/Versions/A/CoreVideo
0x00007fff2bd91000 	/System/Library/Frameworks/VideoToolbox.framework/Versions/A/VideoToolbox
0x00007fff260ca000 	/System/Library/PrivateFrameworks/BaseBoard.framework/Versions/A/BaseBoard
0x00007fff2b4aa000 	/System/Library/PrivateFrameworks/PersistentConnection.framework/Versions/A/PersistentConnection
0x00007fff25e65000 	/System/Library/PrivateFrameworks/ProtocolBuffer.framework/Versions/A/ProtocolBuffer
0x00007fff260b1000 	/System/Library/PrivateFrameworks/CommonUtilities.framework/Versions/A/CommonUtilities
0x00007fff2bbc5000 	/System/Library/PrivateFrameworks/Bom.framework/Versions/A/Bom
0x00007fff2bfbb000 	/System/Library/PrivateFrameworks/GPUWrangler.framework/Versions/A/GPUWrangler
0x00007fff2bf9e000 	/System/Library/PrivateFrameworks/IOPresentment.framework/Versions/A/IOPresentment
0x00007fff2bfc5000 	/System/Library/PrivateFrameworks/DSExternalDisplay.framework/Versions/A/DSExternalDisplay
0x00007fff2c025000 	/System/Library/PrivateFrameworks/CMCaptureCore.framework/Versions/A/CMCaptureCore
0x00007fff2b94a000 	/System/Library/PrivateFrameworks/AppServerSupport.framework/Versions/A/AppServerSupport
0x00007fff2d9f9000 	/System/Library/PrivateFrameworks/perfdata.framework/Versions/A/perfdata
0x00007fff29dc1000 	/System/Library/PrivateFrameworks/AssertionServices.framework/Versions/A/AssertionServices
0x00007fff2164b000 	/System/Library/PrivateFrameworks/AudioToolboxCore.framework/Versions/A/AudioToolboxCore
0x00007fff28699000 	/System/Library/PrivateFrameworks/caulk.framework/Versions/A/caulk
0x00007fff3d6a4000 	/System/Library/PrivateFrameworks/SystemPolicy.framework/Versions/A/SystemPolicy
0x00007fff2b15a000 	/usr/lib/libIOReport.dylib
0x00007fff2d21b000 	/usr/lib/libSMC.dylib
0x00007fff2bee4000 	/usr/lib/libAudioToolboxUtility.dylib
0x00007fff3e00e000 	/usr/lib/libmis.dylib
0x00007fff6cbd5000 	/System/Library/Frameworks/OpenGL.framework/Versions/A/Libraries/libGLU.dylib
0x00007fff6cb98000 	/System/Library/Frameworks/OpenGL.framework/Versions/A/Libraries/libGFXShared.dylib
0x00007fff6cda7000 	/System/Library/Frameworks/OpenGL.framework/Versions/A/Libraries/libGL.dylib
0x00007fff6cba1000 	/System/Library/Frameworks/OpenGL.framework/Versions/A/Libraries/libGLImage.dylib
0x00007fff6cb95000 	/System/Library/Frameworks/OpenGL.framework/Versions/A/Libraries/libCVMSPluginSupport.dylib
0x00007fff6cb80000 	/System/Library/Frameworks/OpenGL.framework/Versions/A/Libraries/libCoreVMClient.dylib
0x00007fff6e1e8000 	/System/Library/Frameworks/OpenCL.framework/Versions/A/OpenCL
0x00007fff2b4d4000 	/System/Library/PrivateFrameworks/GraphVisualizer.framework/Versions/A/GraphVisualizer
0x00007fff2b4e3000 	/System/Library/PrivateFrameworks/FaceCore.framework/Versions/A/FaceCore
0x00007fff2b8ff000 	/System/Library/PrivateFrameworks/OTSVG.framework/Versions/A/OTSVG
0x00007fff2710d000 	/System/Library/Frameworks/ApplicationServices.framework/Versions/A/Frameworks/ATS.framework/Versions/A/Resources/libFontRegistry.dylib
0x00007fff2b951000 	/System/Library/PrivateFrameworks/FontServices.framework/libhvf.dylib
0x00007fff2b311000 	/System/Library/PrivateFrameworks/AppleVA.framework/Versions/A/AppleVA
0x00007fff2d064000 	/System/Library/Frameworks/ApplicationServices.framework/Versions/A/Frameworks/ATS.framework/Versions/A/ATS
0x00007fff2d376000 	/System/Library/Frameworks/ApplicationServices.framework/Versions/A/Frameworks/ColorSyncLegacy.framework/Versions/A/ColorSyncLegacy
0x00007fff2562e000 	/System/Library/Frameworks/ApplicationServices.framework/Versions/A/Frameworks/HIServices.framework/Versions/A/HIServices
0x00007fff2d35b000 	/System/Library/Frameworks/ApplicationServices.framework/Versions/A/Frameworks/LangAnalysis.framework/Versions/A/LangAnalysis
0x00007fff2c02f000 	/System/Library/Frameworks/ApplicationServices.framework/Versions/A/Frameworks/PrintCore.framework/Versions/A/PrintCore
0x00007fff2d37e000 	/System/Library/Frameworks/ApplicationServices.framework/Versions/A/Frameworks/QD.framework/Versions/A/QD
0x00007fff2d054000 	/System/Library/Frameworks/ApplicationServices.framework/Versions/A/Frameworks/SpeechSynthesis.framework/Versions/A/SpeechSynthesis
0x00007fff2bff0000 	/System/Library/Frameworks/ApplicationServices.framework/Versions/A/Frameworks/ATSUI.framework/Versions/A/ATSUI
0x00007fff2d2fb000 	/usr/lib/libcups.2.dylib
0x00007fff2d36b000 	/System/Library/PrivateFrameworks/NetAuth.framework/Versions/A/NetAuth
0x00007fff2da15000 	/System/Library/Frameworks/Kerberos.framework/Versions/A/Kerberos
0x00007fff2da25000 	/System/Library/Frameworks/GSS.framework/Versions/A/GSS
0x00007fff2d0d0000 	/usr/lib/libresolv.9.dylib
0x00007fff2b966000 	/System/Library/PrivateFrameworks/Heimdal.framework/Versions/A/Heimdal
0x00007fff337a9000 	/System/Library/Frameworks/Kerberos.framework/Versions/A/Libraries/libHeimdalProxy.dylib
0x00007fff2621d000 	/System/Library/Frameworks/Network.framework/Versions/A/Network
0x00007fff2b37f000 	/usr/lib/libheimdal-asn1.dylib
0x00007fff2da75000 	/System/Library/PrivateFrameworks/CommonAuth.framework/Versions/A/CommonAuth
0x00007fff27563000 	/System/Library/PrivateFrameworks/login.framework/Versions/A/Frameworks/loginsupport.framework/Versions/A/loginsupport
0x00007fff2cfd9000 	/System/Library/PrivateFrameworks/AudioSession.framework/Versions/A/AudioSession
0x00007fff2d041000 	/usr/lib/libAudioStatistics.dylib
0x00007fff2b40c000 	/System/Library/PrivateFrameworks/MediaExperience.framework/Versions/A/MediaExperience
0x00007fff2ce76000 	/System/Library/PrivateFrameworks/AudioSession.framework/libSessionUtility.dylib
0x00007fff2da06000 	/usr/lib/libperfcheck.dylib
0x00007fff2d38a000 	/System/Library/PrivateFrameworks/AudioResourceArbitration.framework/Versions/A/AudioResourceArbitration
0x00007fff2b389000 	/System/Library/PrivateFrameworks/IconFoundation.framework/Versions/A/IconFoundation
0x00007fff2feb3000 	/System/Library/PrivateFrameworks/SpeechRecognitionCore.framework/Versions/A/SpeechRecognitionCore
0x0000000110800000 	/Users/alaranda/.sdkman/candidates/java/11.0.11-zulu/zulu-11.jdk/Contents/Home/lib/server/libjvm.dylib
0x000000010c6dd000 	/Users/alaranda/.sdkman/candidates/java/11.0.11-zulu/zulu-11.jdk/Contents/Home/lib/libverify.dylib
0x000000010c757000 	/Users/alaranda/.sdkman/candidates/java/11.0.11-zulu/zulu-11.jdk/Contents/Home/lib/libjava.dylib
0x000000010c7be000 	/Users/alaranda/.sdkman/candidates/java/11.0.11-zulu/zulu-11.jdk/Contents/Home/lib/libjimage.dylib
0x000000010c7d8000 	/Users/alaranda/.sdkman/candidates/java/11.0.11-zulu/zulu-11.jdk/Contents/Home/lib/libzip.dylib
0x000000010c716000 	/Users/alaranda/.sdkman/candidates/java/11.0.11-zulu/zulu-11.jdk/Contents/Home/lib/libnio.dylib
0x000000012f186000 	/Users/alaranda/.sdkman/candidates/java/11.0.11-zulu/zulu-11.jdk/Contents/Home/lib/libnet.dylib
0x000000012f207000 	/Users/alaranda/.sdkman/candidates/java/11.0.11-zulu/zulu-11.jdk/Contents/Home/lib/libsunec.dylib
0x000000012fa86000 	/Users/alaranda/Library/Application Support/Code/User/globalStorage/redhat.java/0.79.2/config_ss_mac/org.eclipse.equinox.launcher/org.eclipse.equinox.launcher.cocoa.macosx.x86_64_1.2.200.v20210406-1409/eclipse_11403.so
0x00007fff229f6000 	/System/Library/PrivateFrameworks/CoreServicesInternal.framework/Versions/A/CoreServicesInternal
0x00007fff31399000 	/System/Library/Frameworks/FileProvider.framework/Versions/A/FileProvider
0x00007fff26034000 	/System/Library/Frameworks/Accounts.framework/Versions/A/Accounts
0x00007fff314ba000 	/System/Library/PrivateFrameworks/GenerationalStorage.framework/Versions/A/GenerationalStorage
0x00007fff31e7d000 	/System/Library/PrivateFrameworks/CoreSymbolication.framework/Versions/A/CoreSymbolication
0x00007fff30db8000 	/System/Library/PrivateFrameworks/SymptomDiagnosticReporter.framework/Versions/A/SymptomDiagnosticReporter
0x00007fff2e6be000 	/System/Library/PrivateFrameworks/AppContainer.framework/Versions/A/AppContainer
0x00007fff23b42000 	/System/Library/PrivateFrameworks/DesktopServicesPriv.framework/Versions/A/DesktopServicesPriv
0x00007fff22b2b000 	/usr/lib/libsandbox.1.dylib
0x00007fff2758f000 	/System/Library/PrivateFrameworks/UserManagement.framework/Versions/A/UserManagement
0x00007fff29d9e000 	/System/Library/PrivateFrameworks/MobileKeyBag.framework/Versions/A/MobileKeyBag
0x00007fff34813000 	/System/Library/PrivateFrameworks/ChunkingLibrary.framework/Versions/A/ChunkingLibrary
0x00007fff31e40000 	/System/Library/PrivateFrameworks/DebugSymbols.framework/Versions/A/DebugSymbols
0x00007fff2e6d3000 	/System/Library/PrivateFrameworks/SecCodeWrapper.framework/Versions/A/SecCodeWrapper
0x00007fff2b162000 	/System/Library/PrivateFrameworks/CrashReporterSupport.framework/Versions/A/CrashReporterSupport
0x00007fff48596000 	/System/Library/PrivateFrameworks/OSAnalytics.framework/Versions/A/OSAnalytics
0x00007fff783ad000 	/usr/lib/libRosetta.dylib
0x00007fff331f4000 	/System/Library/PrivateFrameworks/RemoteServiceDiscovery.framework/Versions/A/RemoteServiceDiscovery
0x00007fff5256d000 	/System/Library/PrivateFrameworks/Symbolication.framework/Versions/A/Symbolication
0x00007fff33204000 	/System/Library/PrivateFrameworks/RemoteXPC.framework/Versions/A/RemoteXPC
0x00007fff3970f000 	/System/Library/PrivateFrameworks/OSAServicesClient.framework/Versions/A/OSAServicesClient
0x00007fff3dfed000 	/System/Library/PrivateFrameworks/MallocStackLogging.framework/Versions/A/MallocStackLogging
0x00007fff2e455000 	/System/Library/PrivateFrameworks/Sharing.framework/Versions/A/Sharing
0x00007fff32dd1000 	/System/Library/PrivateFrameworks/Apple80211.framework/Versions/A/Apple80211
0x00007fff2a424000 	/System/Library/PrivateFrameworks/AuthKit.framework/Versions/A/AuthKit
0x00007fff29b9e000 	/System/Library/PrivateFrameworks/CoreUtils.framework/Versions/A/CoreUtils
0x00007fff29acb000 	/System/Library/Frameworks/CoreWLAN.framework/Versions/A/CoreWLAN
0x00007fff2e59d000 	/System/Library/Frameworks/IOBluetooth.framework/Versions/A/IOBluetooth
0x00007fff32e35000 	/System/Library/PrivateFrameworks/CoreWiFi.framework/Versions/A/CoreWiFi
0x00007fff2dafd000 	/System/Library/PrivateFrameworks/CorePhoneNumbers.framework/Versions/A/CorePhoneNumbers
0x00007fff30ec0000 	/System/Library/PrivateFrameworks/DiskManagement.framework/Versions/A/DiskManagement
0x00007fff30dd6000 	/System/Library/PrivateFrameworks/AppleIDAuthSupport.framework/Versions/A/AppleIDAuthSupport
0x00007fff2dada000 	/System/Library/PrivateFrameworks/KeychainCircle.framework/Versions/A/KeychainCircle
0x00007fff30e8c000 	/System/Library/PrivateFrameworks/MediaKit.framework/Versions/A/MediaKit
0x00007fff30de3000 	/System/Library/Frameworks/DiscRecording.framework/Versions/A/DiscRecording
0x00007fff2b285000 	/usr/lib/libCoreStorage.dylib
0x00007fff3326f000 	/usr/lib/libcsfde.dylib
0x00007fff2e6d7000 	/System/Library/PrivateFrameworks/ProtectedCloudStorage.framework/Versions/A/ProtectedCloudStorage
0x00007fff33267000 	/System/Library/PrivateFrameworks/EFILogin.framework/Versions/A/EFILogin
0x00007fff3385c000 	/System/Library/Frameworks/AudioUnit.framework/Versions/A/AudioUnit
0x00007fff30d55000 	/System/Library/Frameworks/CoreBluetooth.framework/Versions/A/CoreBluetooth
0x00007fff2b27d000 	/usr/lib/libMatch.1.dylib
0x00007fff27291000 	/System/Library/PrivateFrameworks/ViewBridge.framework/Versions/A/ViewBridge


VM Arguments:
jvm_args: --add-modules=ALL-SYSTEM --add-opens=java.base/java.util=ALL-UNNAMED --add-opens=java.base/java.lang=ALL-UNNAMED -Declipse.application=org.eclipse.jdt.ls.core.id1 -Dosgi.bundles.defaultStartLevel=4 -Declipse.product=org.eclipse.jdt.ls.core.product -Dfile.encoding=utf8 -XX:+UseParallelGC -XX:GCTimeRatio=4 -XX:AdaptiveSizePolicyWeight=90 -Dsun.zip.disableMemoryMapping=true -Xmx1G -Xms100m -Xverify:none 
java_command: /Users/alaranda/.vscode/extensions/redhat.java-0.79.2/server/plugins/org.eclipse.equinox.launcher_1.6.100.v20201223-0822.jar -configuration /Users/alaranda/Library/Application Support/Code/User/globalStorage/redhat.java/0.79.2/config_ss_mac -data /Users/alaranda/Library/Application Support/Code/User/workspaceStorage/625ad762e1ac02135254da73ecf27e14/redhat.java/ss_ws
java_class_path (initial): /Users/alaranda/.vscode/extensions/redhat.java-0.79.2/server/plugins/org.eclipse.equinox.launcher_1.6.100.v20201223-0822.jar
Launcher Type: SUN_STANDARD

[Global flags]
    uintx AdaptiveSizePolicyWeight                 = 90                                        {product} {command line}
     bool BytecodeVerificationLocal                = false                                     {product} {command line}
     bool BytecodeVerificationRemote               = false                                     {product} {command line}
     intx CICompilerCount                          = 4                                         {product} {ergonomic}
    uintx GCTimeRatio                              = 4                                         {product} {command line}
   size_t InitialHeapSize                          = 104857600                                 {product} {command line}
   size_t MaxHeapSize                              = 1073741824                                {product} {command line}
   size_t MaxNewSize                               = 357564416                                 {product} {ergonomic}
   size_t MinHeapDeltaBytes                        = 524288                                    {product} {ergonomic}
   size_t NewSize                                  = 34603008                                  {product} {ergonomic}
    uintx NonNMethodCodeHeapSize                   = 5836300                                {pd product} {ergonomic}
    uintx NonProfiledCodeHeapSize                  = 122910970                              {pd product} {ergonomic}
   size_t OldSize                                  = 70254592                                  {product} {ergonomic}
    uintx ProfiledCodeHeapSize                     = 122910970                              {pd product} {ergonomic}
    uintx ReservedCodeCacheSize                    = 251658240                              {pd product} {ergonomic}
     bool SegmentedCodeCache                       = true                                      {product} {ergonomic}
     bool UseCompressedClassPointers               = true                                 {lp64_product} {ergonomic}
     bool UseCompressedOops                        = true                                 {lp64_product} {ergonomic}
     bool UseParallelGC                            = true                                      {product} {command line}

Logging:
Log output configuration:
 #0: stdout all=warning uptime,level,tags
 #1: stderr all=off uptime,level,tags

Environment Variables:
JAVA_HOME=/Users/alaranda/.sdkman/candidates/java/current
PATH=/opt/homebrew/bin:/opt/homebrew/sbin:/opt/homebrew/bin:/opt/homebrew/sbin:/usr/local/bin:/usr/bin:/bin:/usr/sbin:/sbin:/usr/local/rvm/bin:/usr/local/go/bin:/usr/local/go/bin
SHELL=/bin/bash

Signal Handlers:
SIGSEGV: [libjvm.dylib+0x7c7700], sa_mask[0]=11111111111111111111111111111111, sa_flags=SA_ONSTACK|SA_RESTART|SA_SIGINFO
SIGBUS: [libjvm.dylib+0x7c7700], sa_mask[0]=11111111111111111111111111111111, sa_flags=SA_RESTART|SA_SIGINFO
SIGFPE: [libjvm.dylib+0x7c7700], sa_mask[0]=11111111111111111111111111111111, sa_flags=SA_RESTART|SA_SIGINFO
SIGPIPE: [libjvm.dylib+0x62a2a0], sa_mask[0]=11111111111111111111111111111111, sa_flags=SA_RESTART|SA_SIGINFO
SIGXFSZ: [libjvm.dylib+0x62a2a0], sa_mask[0]=11111111111111111111111111111111, sa_flags=SA_RESTART|SA_SIGINFO
SIGILL: [libjvm.dylib+0x7c7700], sa_mask[0]=11111111111111111111111111111111, sa_flags=SA_RESTART|SA_SIGINFO
SIGUSR2: [libjvm.dylib+0x62a885], sa_mask[0]=00000000000000000000000000000000, sa_flags=SA_RESTART|SA_SIGINFO
SIGHUP: [libjvm.dylib+0x629397], sa_mask[0]=11111111111111111111111111111111, sa_flags=SA_RESTART|SA_SIGINFO
SIGINT: [libjvm.dylib+0x629397], sa_mask[0]=11111111111111111111111111111111, sa_flags=SA_RESTART|SA_SIGINFO
SIGTERM: [libjvm.dylib+0x629397], sa_mask[0]=11111111111111111111111111111111, sa_flags=SA_RESTART|SA_SIGINFO
SIGQUIT: [libjvm.dylib+0x629397], sa_mask[0]=11111111111111111111111111111111, sa_flags=SA_RESTART|SA_SIGINFO


---------------  S Y S T E M  ---------------

OS:uname:Darwin 20.3.0 Darwin Kernel Version 20.3.0: Thu Jan 21 00:06:51 PST 2021; root:xnu-7195.81.3~1/RELEASE_ARM64_T8101 x86_64
OS uptime: 0 days 1:24 hours
rlimit (soft/hard): STACK 8176k/65520k , CORE 0k/infinity , NPROC 1333/2000 , NOFILE 10240/infinity , AS infinity/infinity , CPU infinity/infinity , DATA infinity/infinity , FSIZE infinity/infinity , MEMLOCK infinity/infinity , RSS infinity/infinity
load average:3.89 2.69 2.32

CPU:total 8 (initial active 8) (1 cores per cpu, 1 threads per core) family 6 model 44 stepping 0 microcode 0x0, cmov, cx8, fxsr, mmx, sse, sse2, sse3, ssse3, sse4.1, sse4.2, popcnt, aes, clmul, tsc, tscinvbit, tscinv

Memory: 4k page, physical 8388608k(137800k free), swap 2097152k(1433088k free)

vm_info: OpenJDK 64-Bit Server VM (11.0.11+9-LTS) for bsd-amd64 JRE (Zulu11.48+21-CA) (11.0.11+9-LTS), built on Apr  4 2021 08:04:15 by "zulu_re" with gcc 4.2.1 Compatible Apple LLVM 9.1.0 (clang-902.0.39.2)

END.
